{"/home/polde/Webarmonium/backend/src/models/CursorPosition.js": {"path":"/home/polde/Webarmonium/backend/src/models/CursorPosition.js","statementMap":{"0":{"start":{"line":8,"column":4},"end":{"line":8,"column":24}},"1":{"start":{"line":9,"column":4},"end":{"line":9,"column":24}},"2":{"start":{"line":10,"column":4},"end":{"line":10,"column":14}},"3":{"start":{"line":11,"column":4},"end":{"line":11,"column":14}},"4":{"start":{"line":12,"column":4},"end":{"line":12,"column":30}},"5":{"start":{"line":13,"column":4},"end":{"line":13,"column":30}},"6":{"start":{"line":24,"column":4},"end":{"line":24,"column":14}},"7":{"start":{"line":25,"column":4},"end":{"line":25,"column":14}},"8":{"start":{"line":26,"column":4},"end":{"line":26,"column":30}},"9":{"start":{"line":27,"column":4},"end":{"line":27,"column":30}},"10":{"start":{"line":36,"column":4},"end":{"line":38,"column":5}},"11":{"start":{"line":37,"column":6},"end":{"line":37,"column":44}},"12":{"start":{"line":41,"column":4},"end":{"line":43,"column":5}},"13":{"start":{"line":42,"column":6},"end":{"line":42,"column":44}},"14":{"start":{"line":46,"column":4},"end":{"line":48,"column":5}},"15":{"start":{"line":47,"column":6},"end":{"line":47,"column":59}},"16":{"start":{"line":50,"column":4},"end":{"line":52,"column":5}},"17":{"start":{"line":51,"column":6},"end":{"line":51,"column":64}},"18":{"start":{"line":55,"column":4},"end":{"line":57,"column":5}},"19":{"start":{"line":56,"column":6},"end":{"line":56,"column":52}},"20":{"start":{"line":60,"column":4},"end":{"line":62,"column":5}},"21":{"start":{"line":61,"column":6},"end":{"line":61,"column":60}},"22":{"start":{"line":65,"column":16},"end":{"line":65,"column":26}},"23":{"start":{"line":66,"column":21},"end":{"line":66,"column":51}},"24":{"start":{"line":67,"column":4},"end":{"line":69,"column":5}},"25":{"start":{"line":68,"column":6},"end":{"line":68,"column":68}},"26":{"start":{"line":78,"column":16},"end":{"line":78,"column":43}},"27":{"start":{"line":79,"column":4},"end":{"line":79,"column":25}},"28":{"start":{"line":88,"column":4},"end":{"line":95,"column":5}},"29":{"start":{"line":106,"column":43},"end":{"line":106,"column":47}},"30":{"start":{"line":108,"column":4},"end":{"line":110,"column":5}},"31":{"start":{"line":109,"column":6},"end":{"line":109,"column":83}},"32":{"start":{"line":112,"column":4},"end":{"line":114,"column":5}},"33":{"start":{"line":113,"column":6},"end":{"line":113,"column":73}},"34":{"start":{"line":116,"column":15},"end":{"line":116,"column":38}},"35":{"start":{"line":118,"column":4},"end":{"line":118,"column":66}},"36":{"start":{"line":127,"column":15},"end":{"line":127,"column":37}},"37":{"start":{"line":128,"column":15},"end":{"line":128,"column":37}},"38":{"start":{"line":129,"column":4},"end":{"line":129,"column":39}},"39":{"start":{"line":137,"column":4},"end":{"line":137,"column":38}},"40":{"start":{"line":145,"column":4},"end":{"line":152,"column":5}},"41":{"start":{"line":156,"column":0},"end":{"line":156,"column":31}}},"fnMap":{"0":{"name":"(anonymous_0)","decl":{"start":{"line":7,"column":2},"end":{"line":7,"column":3}},"loc":{"start":{"line":7,"column":80},"end":{"line":14,"column":3}},"line":7},"1":{"name":"(anonymous_1)","decl":{"start":{"line":23,"column":2},"end":{"line":23,"column":3}},"loc":{"start":{"line":23,"column":51},"end":{"line":28,"column":3}},"line":23},"2":{"name":"(anonymous_2)","decl":{"start":{"line":34,"column":2},"end":{"line":34,"column":3}},"loc":{"start":{"line":34,"column":14},"end":{"line":70,"column":3}},"line":34},"3":{"name":"(anonymous_3)","decl":{"start":{"line":77,"column":2},"end":{"line":77,"column":3}},"loc":{"start":{"line":77,"column":28},"end":{"line":80,"column":3}},"line":77},"4":{"name":"(anonymous_4)","decl":{"start":{"line":87,"column":2},"end":{"line":87,"column":3}},"loc":{"start":{"line":87,"column":25},"end":{"line":96,"column":3}},"line":87},"5":{"name":"(anonymous_5)","decl":{"start":{"line":105,"column":2},"end":{"line":105,"column":3}},"loc":{"start":{"line":105,"column":46},"end":{"line":119,"column":3}},"line":105},"6":{"name":"(anonymous_6)","decl":{"start":{"line":126,"column":2},"end":{"line":126,"column":3}},"loc":{"start":{"line":126,"column":29},"end":{"line":130,"column":3}},"line":126},"7":{"name":"(anonymous_7)","decl":{"start":{"line":136,"column":2},"end":{"line":136,"column":3}},"loc":{"start":{"line":136,"column":12},"end":{"line":138,"column":3}},"line":136},"8":{"name":"(anonymous_8)","decl":{"start":{"line":144,"column":2},"end":{"line":144,"column":3}},"loc":{"start":{"line":144,"column":11},"end":{"line":153,"column":3}},"line":144}},"branchMap":{"0":{"loc":{"start":{"line":7,"column":37},"end":{"line":7,"column":54}},"type":"default-arg","locations":[{"start":{"line":7,"column":49},"end":{"line":7,"column":54}}],"line":7},"1":{"loc":{"start":{"line":7,"column":56},"end":{"line":7,"column":78}},"type":"default-arg","locations":[{"start":{"line":7,"column":68},"end":{"line":7,"column":78}}],"line":7},"2":{"loc":{"start":{"line":23,"column":27},"end":{"line":23,"column":49}},"type":"default-arg","locations":[{"start":{"line":23,"column":39},"end":{"line":23,"column":49}}],"line":23},"3":{"loc":{"start":{"line":36,"column":4},"end":{"line":38,"column":5}},"type":"if","locations":[{"start":{"line":36,"column":4},"end":{"line":38,"column":5}},{"start":{},"end":{}}],"line":36},"4":{"loc":{"start":{"line":36,"column":8},"end":{"line":36,"column":55}},"type":"binary-expr","locations":[{"start":{"line":36,"column":8},"end":{"line":36,"column":20}},{"start":{"line":36,"column":24},"end":{"line":36,"column":55}}],"line":36},"5":{"loc":{"start":{"line":41,"column":4},"end":{"line":43,"column":5}},"type":"if","locations":[{"start":{"line":41,"column":4},"end":{"line":43,"column":5}},{"start":{},"end":{}}],"line":41},"6":{"loc":{"start":{"line":41,"column":8},"end":{"line":41,"column":55}},"type":"binary-expr","locations":[{"start":{"line":41,"column":8},"end":{"line":41,"column":20}},{"start":{"line":41,"column":24},"end":{"line":41,"column":55}}],"line":41},"7":{"loc":{"start":{"line":46,"column":4},"end":{"line":48,"column":5}},"type":"if","locations":[{"start":{"line":46,"column":4},"end":{"line":48,"column":5}},{"start":{},"end":{}}],"line":46},"8":{"loc":{"start":{"line":46,"column":8},"end":{"line":46,"column":64}},"type":"binary-expr","locations":[{"start":{"line":46,"column":8},"end":{"line":46,"column":34}},{"start":{"line":46,"column":38},"end":{"line":46,"column":64}}],"line":46},"9":{"loc":{"start":{"line":50,"column":4},"end":{"line":52,"column":5}},"type":"if","locations":[{"start":{"line":50,"column":4},"end":{"line":52,"column":5}},{"start":{},"end":{}}],"line":50},"10":{"loc":{"start":{"line":50,"column":8},"end":{"line":50,"column":32}},"type":"binary-expr","locations":[{"start":{"line":50,"column":8},"end":{"line":50,"column":18}},{"start":{"line":50,"column":22},"end":{"line":50,"column":32}}],"line":50},"11":{"loc":{"start":{"line":55,"column":4},"end":{"line":57,"column":5}},"type":"if","locations":[{"start":{"line":55,"column":4},"end":{"line":57,"column":5}},{"start":{},"end":{}}],"line":55},"12":{"loc":{"start":{"line":60,"column":4},"end":{"line":62,"column":5}},"type":"if","locations":[{"start":{"line":60,"column":4},"end":{"line":62,"column":5}},{"start":{},"end":{}}],"line":60},"13":{"loc":{"start":{"line":60,"column":8},"end":{"line":60,"column":65}},"type":"binary-expr","locations":[{"start":{"line":60,"column":8},"end":{"line":60,"column":42}},{"start":{"line":60,"column":46},"end":{"line":60,"column":65}}],"line":60},"14":{"loc":{"start":{"line":67,"column":4},"end":{"line":69,"column":5}},"type":"if","locations":[{"start":{"line":67,"column":4},"end":{"line":69,"column":5}},{"start":{},"end":{}}],"line":67},"15":{"loc":{"start":{"line":77,"column":11},"end":{"line":77,"column":26}},"type":"default-arg","locations":[{"start":{"line":77,"column":22},"end":{"line":77,"column":26}}],"line":77},"16":{"loc":{"start":{"line":108,"column":4},"end":{"line":110,"column":5}},"type":"if","locations":[{"start":{"line":108,"column":4},"end":{"line":110,"column":5}},{"start":{},"end":{}}],"line":108},"17":{"loc":{"start":{"line":108,"column":8},"end":{"line":108,"column":54}},"type":"binary-expr","locations":[{"start":{"line":108,"column":8},"end":{"line":108,"column":29}},{"start":{"line":108,"column":33},"end":{"line":108,"column":54}}],"line":108},"18":{"loc":{"start":{"line":112,"column":4},"end":{"line":114,"column":5}},"type":"if","locations":[{"start":{"line":112,"column":4},"end":{"line":114,"column":5}},{"start":{},"end":{}}],"line":112},"19":{"loc":{"start":{"line":116,"column":15},"end":{"line":116,"column":38}},"type":"binary-expr","locations":[{"start":{"line":116,"column":15},"end":{"line":116,"column":24}},{"start":{"line":116,"column":28},"end":{"line":116,"column":38}}],"line":116}},"s":{"0":6,"1":6,"2":6,"3":6,"4":6,"5":6,"6":0,"7":0,"8":0,"9":0,"10":0,"11":0,"12":0,"13":0,"14":0,"15":0,"16":0,"17":0,"18":0,"19":0,"20":0,"21":0,"22":0,"23":0,"24":0,"25":0,"26":0,"27":0,"28":0,"29":0,"30":0,"31":0,"32":0,"33":0,"34":0,"35":0,"36":0,"37":0,"38":0,"39":0,"40":0,"41":1},"f":{"0":6,"1":0,"2":0,"3":0,"4":0,"5":0,"6":0,"7":0,"8":0},"b":{"0":[6],"1":[6],"2":[0],"3":[0,0],"4":[0,0],"5":[0,0],"6":[0,0],"7":[0,0],"8":[0,0],"9":[0,0],"10":[0,0],"11":[0,0],"12":[0,0],"13":[0,0],"14":[0,0],"15":[0],"16":[0,0],"17":[0,0],"18":[0,0],"19":[0,0]},"_coverageSchema":"1a1c01bbd47fc00a2c39e90264f33305004495a9","hash":"58c5b1c200008c92adc46d4e60f30a778f4cddbc"}
,"/home/polde/Webarmonium/backend/src/models/DrawingStroke.js": {"path":"/home/polde/Webarmonium/backend/src/models/DrawingStroke.js","statementMap":{"0":{"start":{"line":1,"column":23},"end":{"line":1,"column":38}},"1":{"start":{"line":10,"column":4},"end":{"line":10,"column":22}},"2":{"start":{"line":11,"column":4},"end":{"line":11,"column":24}},"3":{"start":{"line":12,"column":4},"end":{"line":12,"column":24}},"4":{"start":{"line":13,"column":4},"end":{"line":13,"column":22}},"5":{"start":{"line":14,"column":4},"end":{"line":14,"column":34}},"6":{"start":{"line":15,"column":4},"end":{"line":15,"column":20}},"7":{"start":{"line":16,"column":4},"end":{"line":16,"column":31}},"8":{"start":{"line":17,"column":4},"end":{"line":17,"column":27}},"9":{"start":{"line":20,"column":4},"end":{"line":22,"column":5}},"10":{"start":{"line":21,"column":6},"end":{"line":21,"column":50}},"11":{"start":{"line":34,"column":4},"end":{"line":36,"column":5}},"12":{"start":{"line":35,"column":6},"end":{"line":35,"column":58}},"13":{"start":{"line":38,"column":4},"end":{"line":40,"column":5}},"14":{"start":{"line":39,"column":6},"end":{"line":39,"column":63}},"15":{"start":{"line":42,"column":4},"end":{"line":44,"column":5}},"16":{"start":{"line":43,"column":6},"end":{"line":43,"column":68}},"17":{"start":{"line":47,"column":4},"end":{"line":49,"column":5}},"18":{"start":{"line":48,"column":6},"end":{"line":48,"column":61}},"19":{"start":{"line":51,"column":4},"end":{"line":51,"column":44}},"20":{"start":{"line":58,"column":4},"end":{"line":58,"column":33}},"21":{"start":{"line":61,"column":4},"end":{"line":63,"column":5}},"22":{"start":{"line":62,"column":6},"end":{"line":62,"column":59}},"23":{"start":{"line":71,"column":4},"end":{"line":71,"column":36}},"24":{"start":{"line":80,"column":4},"end":{"line":82,"column":5}},"25":{"start":{"line":81,"column":6},"end":{"line":81,"column":46}},"26":{"start":{"line":85,"column":4},"end":{"line":87,"column":5}},"27":{"start":{"line":86,"column":6},"end":{"line":86,"column":53}},"28":{"start":{"line":90,"column":4},"end":{"line":92,"column":5}},"29":{"start":{"line":91,"column":6},"end":{"line":91,"column":44}},"30":{"start":{"line":95,"column":4},"end":{"line":97,"column":5}},"31":{"start":{"line":96,"column":6},"end":{"line":96,"column":44}},"32":{"start":{"line":100,"column":4},"end":{"line":102,"column":5}},"33":{"start":{"line":101,"column":6},"end":{"line":101,"column":69}},"34":{"start":{"line":105,"column":4},"end":{"line":107,"column":5}},"35":{"start":{"line":106,"column":6},"end":{"line":106,"column":62}},"36":{"start":{"line":110,"column":4},"end":{"line":112,"column":5}},"37":{"start":{"line":111,"column":6},"end":{"line":111,"column":48}},"38":{"start":{"line":114,"column":4},"end":{"line":116,"column":5}},"39":{"start":{"line":115,"column":6},"end":{"line":115,"column":59}},"40":{"start":{"line":118,"column":4},"end":{"line":120,"column":5}},"41":{"start":{"line":119,"column":6},"end":{"line":119,"column":59}},"42":{"start":{"line":123,"column":4},"end":{"line":131,"column":6}},"43":{"start":{"line":124,"column":6},"end":{"line":126,"column":7}},"44":{"start":{"line":125,"column":8},"end":{"line":125,"column":64}},"45":{"start":{"line":128,"column":6},"end":{"line":130,"column":7}},"46":{"start":{"line":129,"column":8},"end":{"line":129,"column":79}},"47":{"start":{"line":134,"column":4},"end":{"line":136,"column":5}},"48":{"start":{"line":135,"column":6},"end":{"line":135,"column":52}},"49":{"start":{"line":138,"column":4},"end":{"line":146,"column":5}},"50":{"start":{"line":139,"column":6},"end":{"line":141,"column":7}},"51":{"start":{"line":140,"column":8},"end":{"line":140,"column":61}},"52":{"start":{"line":143,"column":6},"end":{"line":145,"column":7}},"53":{"start":{"line":144,"column":8},"end":{"line":144,"column":76}},"54":{"start":{"line":154,"column":4},"end":{"line":162,"column":5}},"55":{"start":{"line":170,"column":4},"end":{"line":172,"column":5}},"56":{"start":{"line":171,"column":6},"end":{"line":171,"column":17}},"57":{"start":{"line":174,"column":4},"end":{"line":174,"column":64}},"58":{"start":{"line":182,"column":4},"end":{"line":188,"column":5}},"59":{"start":{"line":198,"column":49},"end":{"line":198,"column":53}},"60":{"start":{"line":200,"column":4},"end":{"line":202,"column":5}},"61":{"start":{"line":201,"column":6},"end":{"line":201,"column":44}},"62":{"start":{"line":204,"column":4},"end":{"line":206,"column":5}},"63":{"start":{"line":205,"column":6},"end":{"line":205,"column":81}},"64":{"start":{"line":208,"column":19},"end":{"line":208,"column":82}},"65":{"start":{"line":209,"column":4},"end":{"line":209,"column":17}},"66":{"start":{"line":213,"column":0},"end":{"line":213,"column":30}}},"fnMap":{"0":{"name":"(anonymous_0)","decl":{"start":{"line":9,"column":2},"end":{"line":9,"column":3}},"loc":{"start":{"line":9,"column":63},"end":{"line":23,"column":3}},"line":9},"1":{"name":"(anonymous_1)","decl":{"start":{"line":32,"column":2},"end":{"line":32,"column":3}},"loc":{"start":{"line":32,"column":21},"end":{"line":52,"column":3}},"line":32},"2":{"name":"(anonymous_2)","decl":{"start":{"line":57,"column":2},"end":{"line":57,"column":3}},"loc":{"start":{"line":57,"column":14},"end":{"line":64,"column":3}},"line":57},"3":{"name":"(anonymous_3)","decl":{"start":{"line":70,"column":2},"end":{"line":70,"column":3}},"loc":{"start":{"line":70,"column":17},"end":{"line":72,"column":3}},"line":70},"4":{"name":"(anonymous_4)","decl":{"start":{"line":78,"column":2},"end":{"line":78,"column":3}},"loc":{"start":{"line":78,"column":14},"end":{"line":147,"column":3}},"line":78},"5":{"name":"(anonymous_5)","decl":{"start":{"line":123,"column":24},"end":{"line":123,"column":25}},"loc":{"start":{"line":123,"column":42},"end":{"line":131,"column":5}},"line":123},"6":{"name":"(anonymous_6)","decl":{"start":{"line":153,"column":2},"end":{"line":153,"column":3}},"loc":{"start":{"line":153,"column":20},"end":{"line":163,"column":3}},"line":153},"7":{"name":"(anonymous_7)","decl":{"start":{"line":169,"column":2},"end":{"line":169,"column":3}},"loc":{"start":{"line":169,"column":17},"end":{"line":175,"column":3}},"line":169},"8":{"name":"(anonymous_8)","decl":{"start":{"line":181,"column":2},"end":{"line":181,"column":3}},"loc":{"start":{"line":181,"column":14},"end":{"line":189,"column":3}},"line":181},"9":{"name":"(anonymous_9)","decl":{"start":{"line":197,"column":2},"end":{"line":197,"column":3}},"loc":{"start":{"line":197,"column":38},"end":{"line":210,"column":3}},"line":197}},"branchMap":{"0":{"loc":{"start":{"line":20,"column":4},"end":{"line":22,"column":5}},"type":"if","locations":[{"start":{"line":20,"column":4},"end":{"line":22,"column":5}},{"start":{},"end":{}}],"line":20},"1":{"loc":{"start":{"line":34,"column":4},"end":{"line":36,"column":5}},"type":"if","locations":[{"start":{"line":34,"column":4},"end":{"line":36,"column":5}},{"start":{},"end":{}}],"line":34},"2":{"loc":{"start":{"line":34,"column":8},"end":{"line":34,"column":54}},"type":"binary-expr","locations":[{"start":{"line":34,"column":8},"end":{"line":34,"column":29}},{"start":{"line":34,"column":33},"end":{"line":34,"column":54}}],"line":34},"3":{"loc":{"start":{"line":38,"column":4},"end":{"line":40,"column":5}},"type":"if","locations":[{"start":{"line":38,"column":4},"end":{"line":40,"column":5}},{"start":{},"end":{}}],"line":38},"4":{"loc":{"start":{"line":38,"column":8},"end":{"line":38,"column":22}},"type":"binary-expr","locations":[{"start":{"line":38,"column":8},"end":{"line":38,"column":13}},{"start":{"line":38,"column":17},"end":{"line":38,"column":22}}],"line":38},"5":{"loc":{"start":{"line":42,"column":4},"end":{"line":44,"column":5}},"type":"if","locations":[{"start":{"line":42,"column":4},"end":{"line":44,"column":5}},{"start":{},"end":{}}],"line":42},"6":{"loc":{"start":{"line":42,"column":8},"end":{"line":42,"column":38}},"type":"binary-expr","locations":[{"start":{"line":42,"column":8},"end":{"line":42,"column":29}},{"start":{"line":42,"column":33},"end":{"line":42,"column":38}}],"line":42},"7":{"loc":{"start":{"line":47,"column":4},"end":{"line":49,"column":5}},"type":"if","locations":[{"start":{"line":47,"column":4},"end":{"line":49,"column":5}},{"start":{},"end":{}}],"line":47},"8":{"loc":{"start":{"line":61,"column":4},"end":{"line":63,"column":5}},"type":"if","locations":[{"start":{"line":61,"column":4},"end":{"line":63,"column":5}},{"start":{},"end":{}}],"line":61},"9":{"loc":{"start":{"line":80,"column":4},"end":{"line":82,"column":5}},"type":"if","locations":[{"start":{"line":80,"column":4},"end":{"line":82,"column":5}},{"start":{},"end":{}}],"line":80},"10":{"loc":{"start":{"line":80,"column":8},"end":{"line":80,"column":47}},"type":"binary-expr","locations":[{"start":{"line":80,"column":8},"end":{"line":80,"column":16}},{"start":{"line":80,"column":20},"end":{"line":80,"column":47}}],"line":80},"11":{"loc":{"start":{"line":85,"column":4},"end":{"line":87,"column":5}},"type":"if","locations":[{"start":{"line":85,"column":4},"end":{"line":87,"column":5}},{"start":{},"end":{}}],"line":85},"12":{"loc":{"start":{"line":90,"column":4},"end":{"line":92,"column":5}},"type":"if","locations":[{"start":{"line":90,"column":4},"end":{"line":92,"column":5}},{"start":{},"end":{}}],"line":90},"13":{"loc":{"start":{"line":90,"column":8},"end":{"line":90,"column":55}},"type":"binary-expr","locations":[{"start":{"line":90,"column":8},"end":{"line":90,"column":20}},{"start":{"line":90,"column":24},"end":{"line":90,"column":55}}],"line":90},"14":{"loc":{"start":{"line":95,"column":4},"end":{"line":97,"column":5}},"type":"if","locations":[{"start":{"line":95,"column":4},"end":{"line":97,"column":5}},{"start":{},"end":{}}],"line":95},"15":{"loc":{"start":{"line":95,"column":8},"end":{"line":95,"column":55}},"type":"binary-expr","locations":[{"start":{"line":95,"column":8},"end":{"line":95,"column":20}},{"start":{"line":95,"column":24},"end":{"line":95,"column":55}}],"line":95},"16":{"loc":{"start":{"line":100,"column":4},"end":{"line":102,"column":5}},"type":"if","locations":[{"start":{"line":100,"column":4},"end":{"line":102,"column":5}},{"start":{},"end":{}}],"line":100},"17":{"loc":{"start":{"line":105,"column":4},"end":{"line":107,"column":5}},"type":"if","locations":[{"start":{"line":105,"column":4},"end":{"line":107,"column":5}},{"start":{},"end":{}}],"line":105},"18":{"loc":{"start":{"line":105,"column":8},"end":{"line":105,"column":93}},"type":"binary-expr","locations":[{"start":{"line":105,"column":8},"end":{"line":105,"column":44}},{"start":{"line":105,"column":48},"end":{"line":105,"column":68}},{"start":{"line":105,"column":72},"end":{"line":105,"column":93}}],"line":105},"19":{"loc":{"start":{"line":110,"column":4},"end":{"line":112,"column":5}},"type":"if","locations":[{"start":{"line":110,"column":4},"end":{"line":112,"column":5}},{"start":{},"end":{}}],"line":110},"20":{"loc":{"start":{"line":114,"column":4},"end":{"line":116,"column":5}},"type":"if","locations":[{"start":{"line":114,"column":4},"end":{"line":116,"column":5}},{"start":{},"end":{}}],"line":114},"21":{"loc":{"start":{"line":118,"column":4},"end":{"line":120,"column":5}},"type":"if","locations":[{"start":{"line":118,"column":4},"end":{"line":120,"column":5}},{"start":{},"end":{}}],"line":118},"22":{"loc":{"start":{"line":124,"column":6},"end":{"line":126,"column":7}},"type":"if","locations":[{"start":{"line":124,"column":6},"end":{"line":126,"column":7}},{"start":{},"end":{}}],"line":124},"23":{"loc":{"start":{"line":124,"column":10},"end":{"line":124,"column":107}},"type":"binary-expr","locations":[{"start":{"line":124,"column":10},"end":{"line":124,"column":37}},{"start":{"line":124,"column":41},"end":{"line":124,"column":68}},{"start":{"line":124,"column":72},"end":{"line":124,"column":107}}],"line":124},"24":{"loc":{"start":{"line":128,"column":6},"end":{"line":130,"column":7}},"type":"if","locations":[{"start":{"line":128,"column":6},"end":{"line":130,"column":7}},{"start":{},"end":{}}],"line":128},"25":{"loc":{"start":{"line":128,"column":10},"end":{"line":128,"column":59}},"type":"binary-expr","locations":[{"start":{"line":128,"column":10},"end":{"line":128,"column":21}},{"start":{"line":128,"column":25},"end":{"line":128,"column":36}},{"start":{"line":128,"column":40},"end":{"line":128,"column":59}}],"line":128},"26":{"loc":{"start":{"line":134,"column":4},"end":{"line":136,"column":5}},"type":"if","locations":[{"start":{"line":134,"column":4},"end":{"line":136,"column":5}},{"start":{},"end":{}}],"line":134},"27":{"loc":{"start":{"line":134,"column":8},"end":{"line":134,"column":60}},"type":"binary-expr","locations":[{"start":{"line":134,"column":8},"end":{"line":134,"column":23}},{"start":{"line":134,"column":27},"end":{"line":134,"column":60}}],"line":134},"28":{"loc":{"start":{"line":138,"column":4},"end":{"line":146,"column":5}},"type":"if","locations":[{"start":{"line":138,"column":4},"end":{"line":146,"column":5}},{"start":{},"end":{}}],"line":138},"29":{"loc":{"start":{"line":139,"column":6},"end":{"line":141,"column":7}},"type":"if","locations":[{"start":{"line":139,"column":6},"end":{"line":141,"column":7}},{"start":{},"end":{}}],"line":139},"30":{"loc":{"start":{"line":143,"column":6},"end":{"line":145,"column":7}},"type":"if","locations":[{"start":{"line":143,"column":6},"end":{"line":145,"column":7}},{"start":{},"end":{}}],"line":143},"31":{"loc":{"start":{"line":161,"column":19},"end":{"line":161,"column":75}},"type":"cond-expr","locations":[{"start":{"line":161,"column":38},"end":{"line":161,"column":68}},{"start":{"line":161,"column":71},"end":{"line":161,"column":75}}],"line":161},"32":{"loc":{"start":{"line":170,"column":4},"end":{"line":172,"column":5}},"type":"if","locations":[{"start":{"line":170,"column":4},"end":{"line":172,"column":5}},{"start":{},"end":{}}],"line":170},"33":{"loc":{"start":{"line":200,"column":4},"end":{"line":202,"column":5}},"type":"if","locations":[{"start":{"line":200,"column":4},"end":{"line":202,"column":5}},{"start":{},"end":{}}],"line":200},"34":{"loc":{"start":{"line":204,"column":4},"end":{"line":206,"column":5}},"type":"if","locations":[{"start":{"line":204,"column":4},"end":{"line":206,"column":5}},{"start":{},"end":{}}],"line":204},"35":{"loc":{"start":{"line":204,"column":8},"end":{"line":204,"column":41}},"type":"binary-expr","locations":[{"start":{"line":204,"column":8},"end":{"line":204,"column":15}},{"start":{"line":204,"column":19},"end":{"line":204,"column":25}},{"start":{"line":204,"column":29},"end":{"line":204,"column":41}}],"line":204}},"s":{"0":2,"1":249,"2":249,"3":249,"4":249,"5":249,"6":249,"7":249,"8":249,"9":249,"10":249,"11":1520,"12":0,"13":1520,"14":0,"15":1520,"16":0,"17":1520,"18":0,"19":1520,"20":213,"21":213,"22":0,"23":112,"24":106,"25":0,"26":106,"27":0,"28":106,"29":0,"30":106,"31":0,"32":106,"33":0,"34":106,"35":0,"36":106,"37":0,"38":106,"39":0,"40":106,"41":0,"42":106,"43":1213,"44":0,"45":1213,"46":0,"47":106,"48":0,"49":106,"50":106,"51":0,"52":106,"53":0,"54":107,"55":0,"56":0,"57":0,"58":0,"59":0,"60":0,"61":0,"62":0,"63":0,"64":0,"65":0,"66":2},"f":{"0":249,"1":1520,"2":213,"3":112,"4":106,"5":1213,"6":107,"7":0,"8":0,"9":0},"b":{"0":[249,0],"1":[0,1520],"2":[1520,1520],"3":[0,1520],"4":[1520,1520],"5":[0,1520],"6":[1520,1520],"7":[0,1520],"8":[0,213],"9":[0,106],"10":[106,106],"11":[0,106],"12":[0,106],"13":[106,106],"14":[0,106],"15":[106,106],"16":[0,106],"17":[0,106],"18":[106,106,106],"19":[0,106],"20":[0,106],"21":[0,106],"22":[0,1213],"23":[1213,1213,1213],"24":[0,1213],"25":[1213,1213,1213],"26":[0,106],"27":[106,106],"28":[106,0],"29":[0,106],"30":[0,106],"31":[107,0],"32":[0,0],"33":[0,0],"34":[0,0],"35":[0,0,0]},"_coverageSchema":"1a1c01bbd47fc00a2c39e90264f33305004495a9","hash":"9be7db67b9199fbc5b156ef860974c4d24dcafff"}
,"/home/polde/Webarmonium/backend/src/models/MemoryState.js": {"path":"/home/polde/Webarmonium/backend/src/models/MemoryState.js","statementMap":{"0":{"start":{"line":8,"column":4},"end":{"line":8,"column":24}},"1":{"start":{"line":9,"column":4},"end":{"line":9,"column":29}},"2":{"start":{"line":10,"column":4},"end":{"line":16,"column":5}},"3":{"start":{"line":17,"column":4},"end":{"line":17,"column":35}},"4":{"start":{"line":18,"column":4},"end":{"line":23,"column":5}},"5":{"start":{"line":24,"column":4},"end":{"line":24,"column":31}},"6":{"start":{"line":25,"column":4},"end":{"line":25,"column":32}},"7":{"start":{"line":26,"column":4},"end":{"line":26,"column":25}},"8":{"start":{"line":27,"column":4},"end":{"line":32,"column":5}},"9":{"start":{"line":40,"column":4},"end":{"line":42,"column":5}},"10":{"start":{"line":41,"column":6},"end":{"line":41,"column":76}},"11":{"start":{"line":45,"column":4},"end":{"line":45,"column":40}},"12":{"start":{"line":46,"column":4},"end":{"line":46,"column":43}},"13":{"start":{"line":49,"column":20},"end":{"line":49,"column":55}},"14":{"start":{"line":50,"column":4},"end":{"line":50,"column":38}},"15":{"start":{"line":53,"column":4},"end":{"line":53,"column":38}},"16":{"start":{"line":56,"column":4},"end":{"line":56,"column":29}},"17":{"start":{"line":59,"column":4},"end":{"line":59,"column":34}},"18":{"start":{"line":61,"column":4},"end":{"line":61,"column":32}},"19":{"start":{"line":62,"column":4},"end":{"line":62,"column":43}},"20":{"start":{"line":65,"column":4},"end":{"line":67,"column":5}},"21":{"start":{"line":66,"column":6},"end":{"line":66,"column":61}},"22":{"start":{"line":76,"column":4},"end":{"line":85,"column":5}},"23":{"start":{"line":77,"column":6},"end":{"line":83,"column":8}},"24":{"start":{"line":84,"column":6},"end":{"line":84,"column":40}},"25":{"start":{"line":87,"column":21},"end":{"line":87,"column":52}},"26":{"start":{"line":88,"column":4},"end":{"line":88,"column":27}},"27":{"start":{"line":89,"column":4},"end":{"line":89,"column":34}},"28":{"start":{"line":92,"column":4},"end":{"line":92,"column":76}},"29":{"start":{"line":95,"column":4},"end":{"line":95,"column":29}},"30":{"start":{"line":104,"column":20},"end":{"line":112,"column":5}},"31":{"start":{"line":115,"column":4},"end":{"line":120,"column":5}},"32":{"start":{"line":116,"column":6},"end":{"line":119,"column":7}},"33":{"start":{"line":122,"column":4},"end":{"line":122,"column":18}},"34":{"start":{"line":131,"column":27},"end":{"line":131,"column":58}},"35":{"start":{"line":133,"column":4},"end":{"line":135,"column":5}},"36":{"start":{"line":134,"column":6},"end":{"line":134,"column":56}},"37":{"start":{"line":137,"column":27},"end":{"line":137,"column":58}},"38":{"start":{"line":137,"column":51},"end":{"line":137,"column":57}},"39":{"start":{"line":138,"column":33},"end":{"line":139,"column":93}},"40":{"start":{"line":141,"column":4},"end":{"line":146,"column":5}},"41":{"start":{"line":154,"column":19},"end":{"line":154,"column":38}},"42":{"start":{"line":157,"column":4},"end":{"line":161,"column":6}},"43":{"start":{"line":164,"column":4},"end":{"line":168,"column":6}},"44":{"start":{"line":171,"column":25},"end":{"line":171,"column":81}},"45":{"start":{"line":172,"column":4},"end":{"line":172,"column":73}},"46":{"start":{"line":175,"column":4},"end":{"line":177,"column":5}},"47":{"start":{"line":176,"column":6},"end":{"line":176,"column":40}},"48":{"start":{"line":180,"column":4},"end":{"line":182,"column":5}},"49":{"start":{"line":181,"column":6},"end":{"line":181,"column":73}},"50":{"start":{"line":185,"column":4},"end":{"line":185,"column":33}},"51":{"start":{"line":193,"column":27},"end":{"line":195,"column":59}},"52":{"start":{"line":194,"column":19},"end":{"line":194,"column":61}},"53":{"start":{"line":195,"column":19},"end":{"line":195,"column":58}},"54":{"start":{"line":197,"column":4},"end":{"line":220,"column":5}},"55":{"start":{"line":199,"column":24},"end":{"line":199,"column":26}},"56":{"start":{"line":200,"column":6},"end":{"line":205,"column":7}},"57":{"start":{"line":200,"column":19},"end":{"line":200,"column":20}},"58":{"start":{"line":201,"column":8},"end":{"line":204,"column":9}},"59":{"start":{"line":208,"column":26},"end":{"line":208,"column":78}},"60":{"start":{"line":208,"column":53},"end":{"line":208,"column":58}},"61":{"start":{"line":209,"column":23},"end":{"line":210,"column":72}},"62":{"start":{"line":210,"column":8},"end":{"line":210,"column":49}},"63":{"start":{"line":212,"column":6},"end":{"line":219,"column":7}},"64":{"start":{"line":213,"column":8},"end":{"line":218,"column":10}},"65":{"start":{"line":230,"column":15},"end":{"line":230,"column":18}},"66":{"start":{"line":231,"column":26},"end":{"line":231,"column":43}},"67":{"start":{"line":232,"column":28},"end":{"line":232,"column":70}},"68":{"start":{"line":233,"column":24},"end":{"line":233,"column":69}},"69":{"start":{"line":235,"column":4},"end":{"line":241,"column":6}},"70":{"start":{"line":248,"column":22},"end":{"line":248,"column":58}},"71":{"start":{"line":249,"column":16},"end":{"line":249,"column":26}},"72":{"start":{"line":251,"column":4},"end":{"line":254,"column":6}},"73":{"start":{"line":252,"column":23},"end":{"line":252,"column":77}},"74":{"start":{"line":253,"column":6},"end":{"line":253,"column":54}},"75":{"start":{"line":257,"column":4},"end":{"line":257,"column":76}},"76":{"start":{"line":257,"column":60},"end":{"line":257,"column":75}},"77":{"start":{"line":264,"column":27},"end":{"line":267,"column":13}},"78":{"start":{"line":265,"column":20},"end":{"line":265,"column":54}},"79":{"start":{"line":266,"column":6},"end":{"line":266,"column":26}},"80":{"start":{"line":270,"column":4},"end":{"line":276,"column":5}},"81":{"start":{"line":271,"column":6},"end":{"line":272,"column":54}},"82":{"start":{"line":274,"column":6},"end":{"line":275,"column":55}},"83":{"start":{"line":279,"column":4},"end":{"line":282,"column":5}},"84":{"start":{"line":280,"column":6},"end":{"line":281,"column":39}},"85":{"start":{"line":289,"column":23},"end":{"line":289,"column":52}},"86":{"start":{"line":291,"column":4},"end":{"line":295,"column":5}},"87":{"start":{"line":292,"column":6},"end":{"line":294,"column":7}},"88":{"start":{"line":293,"column":8},"end":{"line":293,"column":42}},"89":{"start":{"line":302,"column":20},"end":{"line":302,"column":23}},"90":{"start":{"line":304,"column":4},"end":{"line":307,"column":5}},"91":{"start":{"line":305,"column":6},"end":{"line":306,"column":66}},"92":{"start":{"line":309,"column":4},"end":{"line":312,"column":5}},"93":{"start":{"line":310,"column":6},"end":{"line":311,"column":65}},"94":{"start":{"line":314,"column":4},"end":{"line":317,"column":5}},"95":{"start":{"line":315,"column":6},"end":{"line":316,"column":53}},"96":{"start":{"line":319,"column":4},"end":{"line":322,"column":5}},"97":{"start":{"line":320,"column":6},"end":{"line":321,"column":65}},"98":{"start":{"line":331,"column":4},"end":{"line":333,"column":5}},"99":{"start":{"line":332,"column":6},"end":{"line":332,"column":62}},"100":{"start":{"line":335,"column":4},"end":{"line":335,"column":35}},"101":{"start":{"line":343,"column":4},"end":{"line":345,"column":5}},"102":{"start":{"line":344,"column":6},"end":{"line":344,"column":18}},"103":{"start":{"line":347,"column":4},"end":{"line":347,"column":48}},"104":{"start":{"line":355,"column":4},"end":{"line":361,"column":5}},"105":{"start":{"line":356,"column":6},"end":{"line":360,"column":7}},"106":{"start":{"line":363,"column":28},"end":{"line":363,"column":58}},"107":{"start":{"line":364,"column":31},"end":{"line":364,"column":65}},"108":{"start":{"line":366,"column":4},"end":{"line":370,"column":5}},"109":{"start":{"line":378,"column":26},"end":{"line":380,"column":18}},"110":{"start":{"line":379,"column":22},"end":{"line":379,"column":33}},"111":{"start":{"line":382,"column":25},"end":{"line":384,"column":59}},"112":{"start":{"line":383,"column":66},"end":{"line":383,"column":83}},"113":{"start":{"line":386,"column":25},"end":{"line":388,"column":58}},"114":{"start":{"line":387,"column":65},"end":{"line":387,"column":82}},"115":{"start":{"line":390,"column":4},"end":{"line":399,"column":5}},"116":{"start":{"line":391,"column":66},"end":{"line":391,"column":81}},"117":{"start":{"line":407,"column":25},"end":{"line":407,"column":52}},"118":{"start":{"line":408,"column":22},"end":{"line":408,"column":46}},"119":{"start":{"line":409,"column":27},"end":{"line":412,"column":13}},"120":{"start":{"line":410,"column":20},"end":{"line":410,"column":54}},"121":{"start":{"line":411,"column":6},"end":{"line":411,"column":27}},"122":{"start":{"line":415,"column":19},"end":{"line":415,"column":52}},"123":{"start":{"line":418,"column":4},"end":{"line":420,"column":5}},"124":{"start":{"line":419,"column":6},"end":{"line":419,"column":59}},"125":{"start":{"line":423,"column":4},"end":{"line":423,"column":50}},"126":{"start":{"line":425,"column":4},"end":{"line":425,"column":34}},"127":{"start":{"line":433,"column":4},"end":{"line":442,"column":9}},"128":{"start":{"line":434,"column":19},"end":{"line":434,"column":40}},"129":{"start":{"line":435,"column":22},"end":{"line":435,"column":55}},"130":{"start":{"line":437,"column":17},"end":{"line":442,"column":7}},"131":{"start":{"line":450,"column":25},"end":{"line":450,"column":52}},"132":{"start":{"line":451,"column":22},"end":{"line":451,"column":46}},"133":{"start":{"line":453,"column":4},"end":{"line":453,"column":43}},"134":{"start":{"line":453,"column":27},"end":{"line":453,"column":43}},"135":{"start":{"line":454,"column":4},"end":{"line":454,"column":44}},"136":{"start":{"line":454,"column":27},"end":{"line":454,"column":44}},"137":{"start":{"line":455,"column":4},"end":{"line":455,"column":45}},"138":{"start":{"line":455,"column":23},"end":{"line":455,"column":45}},"139":{"start":{"line":456,"column":4},"end":{"line":456,"column":43}},"140":{"start":{"line":456,"column":28},"end":{"line":456,"column":43}},"141":{"start":{"line":457,"column":4},"end":{"line":457,"column":23}},"142":{"start":{"line":465,"column":4},"end":{"line":476,"column":5}},"143":{"start":{"line":485,"column":4},"end":{"line":487,"column":5}},"144":{"start":{"line":486,"column":6},"end":{"line":486,"column":44}},"145":{"start":{"line":489,"column":4},"end":{"line":491,"column":5}},"146":{"start":{"line":490,"column":6},"end":{"line":490,"column":55}},"147":{"start":{"line":493,"column":4},"end":{"line":495,"column":5}},"148":{"start":{"line":493,"column":39},"end":{"line":493,"column":62}},"149":{"start":{"line":494,"column":6},"end":{"line":494,"column":74}},"150":{"start":{"line":497,"column":4},"end":{"line":499,"column":5}},"151":{"start":{"line":498,"column":6},"end":{"line":498,"column":68}},"152":{"start":{"line":502,"column":4},"end":{"line":504,"column":5}},"153":{"start":{"line":503,"column":6},"end":{"line":503,"column":68}},"154":{"start":{"line":508,"column":0},"end":{"line":508,"column":28}}},"fnMap":{"0":{"name":"(anonymous_0)","decl":{"start":{"line":7,"column":2},"end":{"line":7,"column":3}},"loc":{"start":{"line":7,"column":22},"end":{"line":33,"column":3}},"line":7},"1":{"name":"(anonymous_1)","decl":{"start":{"line":39,"column":2},"end":{"line":39,"column":3}},"loc":{"start":{"line":39,"column":28},"end":{"line":68,"column":3}},"line":39},"2":{"name":"(anonymous_2)","decl":{"start":{"line":75,"column":2},"end":{"line":75,"column":3}},"loc":{"start":{"line":75,"column":29},"end":{"line":96,"column":3}},"line":75},"3":{"name":"(anonymous_3)","decl":{"start":{"line":103,"column":2},"end":{"line":103,"column":3}},"loc":{"start":{"line":103,"column":33},"end":{"line":123,"column":3}},"line":103},"4":{"name":"(anonymous_4)","decl":{"start":{"line":130,"column":2},"end":{"line":130,"column":3}},"loc":{"start":{"line":130,"column":30},"end":{"line":147,"column":3}},"line":130},"5":{"name":"(anonymous_5)","decl":{"start":{"line":137,"column":46},"end":{"line":137,"column":47}},"loc":{"start":{"line":137,"column":51},"end":{"line":137,"column":57}},"line":137},"6":{"name":"(anonymous_6)","decl":{"start":{"line":153,"column":2},"end":{"line":153,"column":3}},"loc":{"start":{"line":153,"column":32},"end":{"line":186,"column":3}},"line":153},"7":{"name":"(anonymous_7)","decl":{"start":{"line":192,"column":2},"end":{"line":192,"column":3}},"loc":{"start":{"line":192,"column":32},"end":{"line":221,"column":3}},"line":192},"8":{"name":"(anonymous_8)","decl":{"start":{"line":194,"column":14},"end":{"line":194,"column":15}},"loc":{"start":{"line":194,"column":19},"end":{"line":194,"column":61}},"line":194},"9":{"name":"(anonymous_9)","decl":{"start":{"line":195,"column":14},"end":{"line":195,"column":15}},"loc":{"start":{"line":195,"column":19},"end":{"line":195,"column":58}},"line":195},"10":{"name":"(anonymous_10)","decl":{"start":{"line":208,"column":43},"end":{"line":208,"column":44}},"loc":{"start":{"line":208,"column":53},"end":{"line":208,"column":58}},"line":208},"11":{"name":"(anonymous_11)","decl":{"start":{"line":209,"column":40},"end":{"line":209,"column":41}},"loc":{"start":{"line":210,"column":8},"end":{"line":210,"column":49}},"line":210},"12":{"name":"(anonymous_12)","decl":{"start":{"line":228,"column":2},"end":{"line":228,"column":3}},"loc":{"start":{"line":228,"column":50},"end":{"line":242,"column":3}},"line":228},"13":{"name":"(anonymous_13)","decl":{"start":{"line":247,"column":2},"end":{"line":247,"column":3}},"loc":{"start":{"line":247,"column":23},"end":{"line":258,"column":3}},"line":247},"14":{"name":"(anonymous_14)","decl":{"start":{"line":251,"column":33},"end":{"line":251,"column":34}},"loc":{"start":{"line":251,"column":44},"end":{"line":254,"column":5}},"line":251},"15":{"name":"(anonymous_15)","decl":{"start":{"line":257,"column":55},"end":{"line":257,"column":56}},"loc":{"start":{"line":257,"column":60},"end":{"line":257,"column":75}},"line":257},"16":{"name":"(anonymous_16)","decl":{"start":{"line":263,"column":2},"end":{"line":263,"column":3}},"loc":{"start":{"line":263,"column":28},"end":{"line":283,"column":3}},"line":263},"17":{"name":"(anonymous_17)","decl":{"start":{"line":264,"column":55},"end":{"line":264,"column":56}},"loc":{"start":{"line":264,"column":60},"end":{"line":267,"column":5}},"line":264},"18":{"name":"(anonymous_18)","decl":{"start":{"line":288,"column":2},"end":{"line":288,"column":3}},"loc":{"start":{"line":288,"column":23},"end":{"line":296,"column":3}},"line":288},"19":{"name":"(anonymous_19)","decl":{"start":{"line":301,"column":2},"end":{"line":301,"column":3}},"loc":{"start":{"line":301,"column":27},"end":{"line":323,"column":3}},"line":301},"20":{"name":"(anonymous_20)","decl":{"start":{"line":330,"column":2},"end":{"line":330,"column":3}},"loc":{"start":{"line":330,"column":32},"end":{"line":336,"column":3}},"line":330},"21":{"name":"(anonymous_21)","decl":{"start":{"line":342,"column":2},"end":{"line":342,"column":3}},"loc":{"start":{"line":342,"column":14},"end":{"line":348,"column":3}},"line":342},"22":{"name":"(anonymous_22)","decl":{"start":{"line":354,"column":2},"end":{"line":354,"column":3}},"loc":{"start":{"line":354,"column":17},"end":{"line":371,"column":3}},"line":354},"23":{"name":"(anonymous_23)","decl":{"start":{"line":377,"column":2},"end":{"line":377,"column":3}},"loc":{"start":{"line":377,"column":28},"end":{"line":400,"column":3}},"line":377},"24":{"name":"(anonymous_24)","decl":{"start":{"line":379,"column":12},"end":{"line":379,"column":13}},"loc":{"start":{"line":379,"column":22},"end":{"line":379,"column":33}},"line":379},"25":{"name":"(anonymous_25)","decl":{"start":{"line":383,"column":54},"end":{"line":383,"column":55}},"loc":{"start":{"line":383,"column":66},"end":{"line":383,"column":83}},"line":383},"26":{"name":"(anonymous_26)","decl":{"start":{"line":387,"column":53},"end":{"line":387,"column":54}},"loc":{"start":{"line":387,"column":65},"end":{"line":387,"column":82}},"line":387},"27":{"name":"(anonymous_27)","decl":{"start":{"line":391,"column":46},"end":{"line":391,"column":47}},"loc":{"start":{"line":391,"column":66},"end":{"line":391,"column":81}},"line":391},"28":{"name":"(anonymous_28)","decl":{"start":{"line":406,"column":2},"end":{"line":406,"column":3}},"loc":{"start":{"line":406,"column":32},"end":{"line":426,"column":3}},"line":406},"29":{"name":"(anonymous_29)","decl":{"start":{"line":409,"column":55},"end":{"line":409,"column":56}},"loc":{"start":{"line":409,"column":60},"end":{"line":412,"column":5}},"line":409},"30":{"name":"(anonymous_30)","decl":{"start":{"line":432,"column":2},"end":{"line":432,"column":3}},"loc":{"start":{"line":432,"column":27},"end":{"line":443,"column":3}},"line":432},"31":{"name":"(anonymous_31)","decl":{"start":{"line":434,"column":14},"end":{"line":434,"column":15}},"loc":{"start":{"line":434,"column":19},"end":{"line":434,"column":40}},"line":434},"32":{"name":"(anonymous_32)","decl":{"start":{"line":435,"column":12},"end":{"line":435,"column":13}},"loc":{"start":{"line":435,"column":22},"end":{"line":435,"column":55}},"line":435},"33":{"name":"(anonymous_33)","decl":{"start":{"line":437,"column":11},"end":{"line":437,"column":12}},"loc":{"start":{"line":437,"column":17},"end":{"line":442,"column":7}},"line":437},"34":{"name":"(anonymous_34)","decl":{"start":{"line":449,"column":2},"end":{"line":449,"column":3}},"loc":{"start":{"line":449,"column":27},"end":{"line":458,"column":3}},"line":449},"35":{"name":"(anonymous_35)","decl":{"start":{"line":464,"column":2},"end":{"line":464,"column":3}},"loc":{"start":{"line":464,"column":15},"end":{"line":477,"column":3}},"line":464},"36":{"name":"(anonymous_36)","decl":{"start":{"line":484,"column":2},"end":{"line":484,"column":3}},"loc":{"start":{"line":484,"column":18},"end":{"line":505,"column":3}},"line":484},"37":{"name":"(anonymous_37)","decl":{"start":{"line":493,"column":34},"end":{"line":493,"column":35}},"loc":{"start":{"line":493,"column":39},"end":{"line":493,"column":62}},"line":493}},"branchMap":{"0":{"loc":{"start":{"line":40,"column":4},"end":{"line":42,"column":5}},"type":"if","locations":[{"start":{"line":40,"column":4},"end":{"line":42,"column":5}},{"start":{},"end":{}}],"line":40},"1":{"loc":{"start":{"line":40,"column":8},"end":{"line":40,"column":40}},"type":"binary-expr","locations":[{"start":{"line":40,"column":8},"end":{"line":40,"column":16}},{"start":{"line":40,"column":20},"end":{"line":40,"column":40}}],"line":40},"2":{"loc":{"start":{"line":65,"column":4},"end":{"line":67,"column":5}},"type":"if","locations":[{"start":{"line":65,"column":4},"end":{"line":67,"column":5}},{"start":{},"end":{}}],"line":65},"3":{"loc":{"start":{"line":76,"column":4},"end":{"line":85,"column":5}},"type":"if","locations":[{"start":{"line":76,"column":4},"end":{"line":85,"column":5}},{"start":{},"end":{}}],"line":76},"4":{"loc":{"start":{"line":115,"column":4},"end":{"line":120,"column":5}},"type":"if","locations":[{"start":{"line":115,"column":4},"end":{"line":120,"column":5}},{"start":{},"end":{}}],"line":115},"5":{"loc":{"start":{"line":133,"column":4},"end":{"line":135,"column":5}},"type":"if","locations":[{"start":{"line":133,"column":4},"end":{"line":135,"column":5}},{"start":{},"end":{}}],"line":133},"6":{"loc":{"start":{"line":142,"column":16},"end":{"line":142,"column":69}},"type":"cond-expr","locations":[{"start":{"line":142,"column":46},"end":{"line":142,"column":56}},{"start":{"line":142,"column":59},"end":{"line":142,"column":69}}],"line":142},"7":{"loc":{"start":{"line":158,"column":17},"end":{"line":158,"column":40}},"type":"binary-expr","locations":[{"start":{"line":158,"column":17},"end":{"line":158,"column":33}},{"start":{"line":158,"column":37},"end":{"line":158,"column":40}}],"line":158},"8":{"loc":{"start":{"line":165,"column":17},"end":{"line":165,"column":40}},"type":"binary-expr","locations":[{"start":{"line":165,"column":17},"end":{"line":165,"column":33}},{"start":{"line":165,"column":37},"end":{"line":165,"column":40}}],"line":165},"9":{"loc":{"start":{"line":171,"column":25},"end":{"line":171,"column":81}},"type":"binary-expr","locations":[{"start":{"line":171,"column":25},"end":{"line":171,"column":76}},{"start":{"line":171,"column":80},"end":{"line":171,"column":81}}],"line":171},"10":{"loc":{"start":{"line":175,"column":4},"end":{"line":177,"column":5}},"type":"if","locations":[{"start":{"line":175,"column":4},"end":{"line":177,"column":5}},{"start":{},"end":{}}],"line":175},"11":{"loc":{"start":{"line":175,"column":8},"end":{"line":175,"column":59}},"type":"binary-expr","locations":[{"start":{"line":175,"column":8},"end":{"line":175,"column":32}},{"start":{"line":175,"column":36},"end":{"line":175,"column":59}}],"line":175},"12":{"loc":{"start":{"line":180,"column":4},"end":{"line":182,"column":5}},"type":"if","locations":[{"start":{"line":180,"column":4},"end":{"line":182,"column":5}},{"start":{},"end":{}}],"line":180},"13":{"loc":{"start":{"line":195,"column":19},"end":{"line":195,"column":58}},"type":"binary-expr","locations":[{"start":{"line":195,"column":19},"end":{"line":195,"column":37}},{"start":{"line":195,"column":41},"end":{"line":195,"column":58}}],"line":195},"14":{"loc":{"start":{"line":197,"column":4},"end":{"line":220,"column":5}},"type":"if","locations":[{"start":{"line":197,"column":4},"end":{"line":220,"column":5}},{"start":{},"end":{}}],"line":197},"15":{"loc":{"start":{"line":212,"column":6},"end":{"line":219,"column":7}},"type":"if","locations":[{"start":{"line":212,"column":6},"end":{"line":219,"column":7}},{"start":{},"end":{}}],"line":212},"16":{"loc":{"start":{"line":270,"column":4},"end":{"line":276,"column":5}},"type":"if","locations":[{"start":{"line":270,"column":4},"end":{"line":276,"column":5}},{"start":{"line":273,"column":11},"end":{"line":276,"column":5}}],"line":270},"17":{"loc":{"start":{"line":279,"column":4},"end":{"line":282,"column":5}},"type":"if","locations":[{"start":{"line":279,"column":4},"end":{"line":282,"column":5}},{"start":{},"end":{}}],"line":279},"18":{"loc":{"start":{"line":292,"column":6},"end":{"line":294,"column":7}},"type":"if","locations":[{"start":{"line":292,"column":6},"end":{"line":294,"column":7}},{"start":{},"end":{}}],"line":292},"19":{"loc":{"start":{"line":304,"column":4},"end":{"line":307,"column":5}},"type":"if","locations":[{"start":{"line":304,"column":4},"end":{"line":307,"column":5}},{"start":{},"end":{}}],"line":304},"20":{"loc":{"start":{"line":309,"column":4},"end":{"line":312,"column":5}},"type":"if","locations":[{"start":{"line":309,"column":4},"end":{"line":312,"column":5}},{"start":{},"end":{}}],"line":309},"21":{"loc":{"start":{"line":314,"column":4},"end":{"line":317,"column":5}},"type":"if","locations":[{"start":{"line":314,"column":4},"end":{"line":317,"column":5}},{"start":{},"end":{}}],"line":314},"22":{"loc":{"start":{"line":319,"column":4},"end":{"line":322,"column":5}},"type":"if","locations":[{"start":{"line":319,"column":4},"end":{"line":322,"column":5}},{"start":{},"end":{}}],"line":319},"23":{"loc":{"start":{"line":331,"column":4},"end":{"line":333,"column":5}},"type":"if","locations":[{"start":{"line":331,"column":4},"end":{"line":333,"column":5}},{"start":{},"end":{}}],"line":331},"24":{"loc":{"start":{"line":343,"column":4},"end":{"line":345,"column":5}},"type":"if","locations":[{"start":{"line":343,"column":4},"end":{"line":345,"column":5}},{"start":{},"end":{}}],"line":343},"25":{"loc":{"start":{"line":355,"column":4},"end":{"line":361,"column":5}},"type":"if","locations":[{"start":{"line":355,"column":4},"end":{"line":361,"column":5}},{"start":{},"end":{}}],"line":355},"26":{"loc":{"start":{"line":382,"column":25},"end":{"line":384,"column":59}},"type":"cond-expr","locations":[{"start":{"line":383,"column":6},"end":{"line":384,"column":53}},{"start":{"line":384,"column":56},"end":{"line":384,"column":59}}],"line":382},"27":{"loc":{"start":{"line":386,"column":25},"end":{"line":388,"column":58}},"type":"cond-expr","locations":[{"start":{"line":387,"column":6},"end":{"line":388,"column":52}},{"start":{"line":388,"column":55},"end":{"line":388,"column":58}}],"line":386},"28":{"loc":{"start":{"line":418,"column":4},"end":{"line":420,"column":5}},"type":"if","locations":[{"start":{"line":418,"column":4},"end":{"line":420,"column":5}},{"start":{},"end":{}}],"line":418},"29":{"loc":{"start":{"line":434,"column":20},"end":{"line":434,"column":33}},"type":"binary-expr","locations":[{"start":{"line":434,"column":20},"end":{"line":434,"column":28}},{"start":{"line":434,"column":32},"end":{"line":434,"column":33}}],"line":434},"30":{"loc":{"start":{"line":435,"column":23},"end":{"line":435,"column":36}},"type":"binary-expr","locations":[{"start":{"line":435,"column":23},"end":{"line":435,"column":31}},{"start":{"line":435,"column":35},"end":{"line":435,"column":36}}],"line":435},"31":{"loc":{"start":{"line":435,"column":41},"end":{"line":435,"column":54}},"type":"binary-expr","locations":[{"start":{"line":435,"column":41},"end":{"line":435,"column":49}},{"start":{"line":435,"column":53},"end":{"line":435,"column":54}}],"line":435},"32":{"loc":{"start":{"line":440,"column":16},"end":{"line":440,"column":29}},"type":"binary-expr","locations":[{"start":{"line":440,"column":16},"end":{"line":440,"column":24}},{"start":{"line":440,"column":28},"end":{"line":440,"column":29}}],"line":440},"33":{"loc":{"start":{"line":441,"column":25},"end":{"line":441,"column":73}},"type":"binary-expr","locations":[{"start":{"line":441,"column":25},"end":{"line":441,"column":64}},{"start":{"line":441,"column":68},"end":{"line":441,"column":73}}],"line":441},"34":{"loc":{"start":{"line":453,"column":4},"end":{"line":453,"column":43}},"type":"if","locations":[{"start":{"line":453,"column":4},"end":{"line":453,"column":43}},{"start":{},"end":{}}],"line":453},"35":{"loc":{"start":{"line":454,"column":4},"end":{"line":454,"column":44}},"type":"if","locations":[{"start":{"line":454,"column":4},"end":{"line":454,"column":44}},{"start":{},"end":{}}],"line":454},"36":{"loc":{"start":{"line":455,"column":4},"end":{"line":455,"column":45}},"type":"if","locations":[{"start":{"line":455,"column":4},"end":{"line":455,"column":45}},{"start":{},"end":{}}],"line":455},"37":{"loc":{"start":{"line":456,"column":4},"end":{"line":456,"column":43}},"type":"if","locations":[{"start":{"line":456,"column":4},"end":{"line":456,"column":43}},{"start":{},"end":{}}],"line":456},"38":{"loc":{"start":{"line":473,"column":17},"end":{"line":473,"column":54}},"type":"binary-expr","locations":[{"start":{"line":473,"column":17},"end":{"line":473,"column":46}},{"start":{"line":473,"column":50},"end":{"line":473,"column":54}}],"line":473},"39":{"loc":{"start":{"line":485,"column":4},"end":{"line":487,"column":5}},"type":"if","locations":[{"start":{"line":485,"column":4},"end":{"line":487,"column":5}},{"start":{},"end":{}}],"line":485},"40":{"loc":{"start":{"line":489,"column":4},"end":{"line":491,"column":5}},"type":"if","locations":[{"start":{"line":489,"column":4},"end":{"line":491,"column":5}},{"start":{},"end":{}}],"line":489},"41":{"loc":{"start":{"line":493,"column":4},"end":{"line":495,"column":5}},"type":"if","locations":[{"start":{"line":493,"column":4},"end":{"line":495,"column":5}},{"start":{},"end":{}}],"line":493},"42":{"loc":{"start":{"line":493,"column":39},"end":{"line":493,"column":62}},"type":"binary-expr","locations":[{"start":{"line":493,"column":39},"end":{"line":493,"column":51}},{"start":{"line":493,"column":55},"end":{"line":493,"column":62}}],"line":493},"43":{"loc":{"start":{"line":497,"column":4},"end":{"line":499,"column":5}},"type":"if","locations":[{"start":{"line":497,"column":4},"end":{"line":499,"column":5}},{"start":{},"end":{}}],"line":497},"44":{"loc":{"start":{"line":497,"column":8},"end":{"line":497,"column":98}},"type":"binary-expr","locations":[{"start":{"line":497,"column":8},"end":{"line":497,"column":51}},{"start":{"line":497,"column":55},"end":{"line":497,"column":98}}],"line":497},"45":{"loc":{"start":{"line":502,"column":4},"end":{"line":504,"column":5}},"type":"if","locations":[{"start":{"line":502,"column":4},"end":{"line":504,"column":5}},{"start":{},"end":{}}],"line":502},"46":{"loc":{"start":{"line":502,"column":8},"end":{"line":502,"column":58}},"type":"binary-expr","locations":[{"start":{"line":502,"column":8},"end":{"line":502,"column":22}},{"start":{"line":502,"column":26},"end":{"line":502,"column":58}}],"line":502}},"s":{"0":33,"1":33,"2":33,"3":33,"4":33,"5":33,"6":33,"7":33,"8":33,"9":0,"10":0,"11":0,"12":0,"13":0,"14":0,"15":0,"16":0,"17":0,"18":0,"19":0,"20":0,"21":0,"22":0,"23":0,"24":0,"25":0,"26":0,"27":0,"28":0,"29":0,"30":0,"31":0,"32":0,"33":0,"34":0,"35":0,"36":0,"37":0,"38":0,"39":0,"40":0,"41":0,"42":0,"43":0,"44":0,"45":0,"46":0,"47":0,"48":0,"49":0,"50":0,"51":0,"52":0,"53":0,"54":0,"55":0,"56":0,"57":0,"58":0,"59":0,"60":0,"61":0,"62":0,"63":0,"64":0,"65":0,"66":0,"67":0,"68":0,"69":0,"70":0,"71":0,"72":0,"73":0,"74":0,"75":0,"76":0,"77":0,"78":0,"79":0,"80":0,"81":0,"82":0,"83":0,"84":0,"85":0,"86":0,"87":0,"88":0,"89":0,"90":0,"91":0,"92":0,"93":0,"94":0,"95":0,"96":0,"97":0,"98":106,"99":0,"100":106,"101":533,"102":452,"103":81,"104":266,"105":0,"106":266,"107":266,"108":266,"109":266,"110":0,"111":266,"112":0,"113":266,"114":0,"115":266,"116":0,"117":266,"118":266,"119":266,"120":0,"121":0,"122":266,"123":266,"124":0,"125":266,"126":266,"127":266,"128":0,"129":0,"130":0,"131":266,"132":266,"133":266,"134":266,"135":0,"136":0,"137":0,"138":0,"139":0,"140":0,"141":0,"142":0,"143":0,"144":0,"145":0,"146":0,"147":0,"148":0,"149":0,"150":0,"151":0,"152":0,"153":0,"154":1},"f":{"0":33,"1":0,"2":0,"3":0,"4":0,"5":0,"6":0,"7":0,"8":0,"9":0,"10":0,"11":0,"12":0,"13":0,"14":0,"15":0,"16":0,"17":0,"18":0,"19":0,"20":106,"21":533,"22":266,"23":266,"24":0,"25":0,"26":0,"27":0,"28":266,"29":0,"30":266,"31":0,"32":0,"33":0,"34":266,"35":0,"36":0,"37":0},"b":{"0":[0,0],"1":[0,0],"2":[0,0],"3":[0,0],"4":[0,0],"5":[0,0],"6":[0,0],"7":[0,0],"8":[0,0],"9":[0,0],"10":[0,0],"11":[0,0],"12":[0,0],"13":[0,0],"14":[0,0],"15":[0,0],"16":[0,0],"17":[0,0],"18":[0,0],"19":[0,0],"20":[0,0],"21":[0,0],"22":[0,0],"23":[0,106],"24":[452,81],"25":[0,266],"26":[0,266],"27":[0,266],"28":[0,266],"29":[0,0],"30":[0,0],"31":[0,0],"32":[0,0],"33":[0,0],"34":[266,0],"35":[0,0],"36":[0,0],"37":[0,0],"38":[0,0],"39":[0,0],"40":[0,0],"41":[0,0],"42":[0,0],"43":[0,0],"44":[0,0],"45":[0,0],"46":[0,0]},"_coverageSchema":"1a1c01bbd47fc00a2c39e90264f33305004495a9","hash":"6575970ad36052c1b921df4b8cf5eae777a7b539"}
,"/home/polde/Webarmonium/backend/src/models/Room.js": {"path":"/home/polde/Webarmonium/backend/src/models/Room.js","statementMap":{"0":{"start":{"line":8,"column":4},"end":{"line":8,"column":16}},"1":{"start":{"line":9,"column":4},"end":{"line":9,"column":31}},"2":{"start":{"line":10,"column":4},"end":{"line":10,"column":34}},"3":{"start":{"line":11,"column":4},"end":{"line":11,"column":26}},"4":{"start":{"line":12,"column":4},"end":{"line":12,"column":27}},"5":{"start":{"line":13,"column":4},"end":{"line":13,"column":25}},"6":{"start":{"line":14,"column":4},"end":{"line":14,"column":22}},"7":{"start":{"line":17,"column":4},"end":{"line":17,"column":28}},"8":{"start":{"line":18,"column":4},"end":{"line":18,"column":36}},"9":{"start":{"line":19,"column":4},"end":{"line":22,"column":6}},"10":{"start":{"line":23,"column":4},"end":{"line":23,"column":27}},"11":{"start":{"line":32,"column":4},"end":{"line":34,"column":5}},"12":{"start":{"line":33,"column":6},"end":{"line":33,"column":34}},"13":{"start":{"line":36,"column":4},"end":{"line":38,"column":5}},"14":{"start":{"line":37,"column":6},"end":{"line":37,"column":45}},"15":{"start":{"line":40,"column":4},"end":{"line":40,"column":33}},"16":{"start":{"line":41,"column":4},"end":{"line":41,"column":26}},"17":{"start":{"line":42,"column":4},"end":{"line":42,"column":25}},"18":{"start":{"line":44,"column":4},"end":{"line":46,"column":5}},"19":{"start":{"line":45,"column":6},"end":{"line":45,"column":26}},"20":{"start":{"line":55,"column":17},"end":{"line":55,"column":39}},"21":{"start":{"line":56,"column":4},"end":{"line":58,"column":5}},"22":{"start":{"line":57,"column":6},"end":{"line":57,"column":17}},"23":{"start":{"line":60,"column":4},"end":{"line":60,"column":29}},"24":{"start":{"line":61,"column":4},"end":{"line":61,"column":20}},"25":{"start":{"line":62,"column":4},"end":{"line":62,"column":25}},"26":{"start":{"line":65,"column":4},"end":{"line":68,"column":5}},"27":{"start":{"line":66,"column":6},"end":{"line":66,"column":27}},"28":{"start":{"line":67,"column":6},"end":{"line":67,"column":34}},"29":{"start":{"line":70,"column":4},"end":{"line":70,"column":15}},"30":{"start":{"line":79,"column":4},"end":{"line":79,"column":41}},"31":{"start":{"line":87,"column":4},"end":{"line":87,"column":42}},"32":{"start":{"line":95,"column":4},"end":{"line":95,"column":26}},"33":{"start":{"line":103,"column":4},"end":{"line":103,"column":43}},"34":{"start":{"line":111,"column":4},"end":{"line":111,"column":32}},"35":{"start":{"line":121,"column":4},"end":{"line":123,"column":5}},"36":{"start":{"line":122,"column":6},"end":{"line":122,"column":52}},"37":{"start":{"line":126,"column":18},"end":{"line":126,"column":53}},"38":{"start":{"line":127,"column":4},"end":{"line":127,"column":38}},"39":{"start":{"line":128,"column":4},"end":{"line":128,"column":27}},"40":{"start":{"line":130,"column":4},"end":{"line":130,"column":16}},"41":{"start":{"line":138,"column":4},"end":{"line":140,"column":5}},"42":{"start":{"line":139,"column":6},"end":{"line":139,"column":50}},"43":{"start":{"line":149,"column":4},"end":{"line":149,"column":27}},"44":{"start":{"line":151,"column":4},"end":{"line":151,"column":36}},"45":{"start":{"line":152,"column":4},"end":{"line":152,"column":25}},"46":{"start":{"line":155,"column":4},"end":{"line":157,"column":5}},"47":{"start":{"line":156,"column":6},"end":{"line":156,"column":33}},"48":{"start":{"line":165,"column":4},"end":{"line":165,"column":30}},"49":{"start":{"line":174,"column":4},"end":{"line":174,"column":52}},"50":{"start":{"line":175,"column":4},"end":{"line":175,"column":25}},"51":{"start":{"line":183,"column":4},"end":{"line":183,"column":39}},"52":{"start":{"line":192,"column":4},"end":{"line":192,"column":51}},"53":{"start":{"line":199,"column":4},"end":{"line":199,"column":34}},"54":{"start":{"line":207,"column":4},"end":{"line":210,"column":5}},"55":{"start":{"line":208,"column":29},"end":{"line":208,"column":71}},"56":{"start":{"line":209,"column":6},"end":{"line":209,"column":52}},"57":{"start":{"line":218,"column":4},"end":{"line":218,"column":34}},"58":{"start":{"line":226,"column":4},"end":{"line":232,"column":5}},"59":{"start":{"line":227,"column":6},"end":{"line":231,"column":7}},"60":{"start":{"line":234,"column":4},"end":{"line":234,"column":42}},"61":{"start":{"line":242,"column":4},"end":{"line":245,"column":5}},"62":{"start":{"line":243,"column":6},"end":{"line":243,"column":48}},"63":{"start":{"line":244,"column":6},"end":{"line":244,"column":27}},"64":{"start":{"line":253,"column":4},"end":{"line":259,"column":5}},"65":{"start":{"line":267,"column":4},"end":{"line":270,"column":5}},"66":{"start":{"line":283,"column":4},"end":{"line":285,"column":5}},"67":{"start":{"line":284,"column":6},"end":{"line":284,"column":17}},"68":{"start":{"line":287,"column":31},"end":{"line":287,"column":92}},"69":{"start":{"line":288,"column":4},"end":{"line":288,"column":34}},"70":{"start":{"line":296,"column":4},"end":{"line":296,"column":56}},"71":{"start":{"line":296,"column":42},"end":{"line":296,"column":55}},"72":{"start":{"line":305,"column":28},"end":{"line":305,"column":30}},"73":{"start":{"line":306,"column":16},"end":{"line":306,"column":26}},"74":{"start":{"line":308,"column":4},"end":{"line":313,"column":6}},"75":{"start":{"line":309,"column":6},"end":{"line":312,"column":7}},"76":{"start":{"line":310,"column":8},"end":{"line":310,"column":27}},"77":{"start":{"line":311,"column":8},"end":{"line":311,"column":37}},"78":{"start":{"line":315,"column":4},"end":{"line":315,"column":26}},"79":{"start":{"line":324,"column":25},"end":{"line":324,"column":27}},"80":{"start":{"line":326,"column":4},"end":{"line":331,"column":6}},"81":{"start":{"line":327,"column":6},"end":{"line":330,"column":7}},"82":{"start":{"line":328,"column":8},"end":{"line":328,"column":32}},"83":{"start":{"line":329,"column":8},"end":{"line":329,"column":31}},"84":{"start":{"line":333,"column":4},"end":{"line":333,"column":23}},"85":{"start":{"line":342,"column":4},"end":{"line":344,"column":5}},"86":{"start":{"line":343,"column":6},"end":{"line":343,"column":44}},"87":{"start":{"line":346,"column":4},"end":{"line":348,"column":5}},"88":{"start":{"line":347,"column":6},"end":{"line":347,"column":74}},"89":{"start":{"line":350,"column":4},"end":{"line":352,"column":5}},"90":{"start":{"line":351,"column":6},"end":{"line":351,"column":60}},"91":{"start":{"line":355,"column":4},"end":{"line":359,"column":6}},"92":{"start":{"line":356,"column":6},"end":{"line":358,"column":7}},"93":{"start":{"line":357,"column":8},"end":{"line":357,"column":97}},"94":{"start":{"line":363,"column":0},"end":{"line":363,"column":21}}},"fnMap":{"0":{"name":"(anonymous_0)","decl":{"start":{"line":7,"column":2},"end":{"line":7,"column":3}},"loc":{"start":{"line":7,"column":19},"end":{"line":24,"column":3}},"line":7},"1":{"name":"(anonymous_1)","decl":{"start":{"line":31,"column":2},"end":{"line":31,"column":3}},"loc":{"start":{"line":31,"column":17},"end":{"line":47,"column":3}},"line":31},"2":{"name":"(anonymous_2)","decl":{"start":{"line":54,"column":2},"end":{"line":54,"column":3}},"loc":{"start":{"line":54,"column":22},"end":{"line":71,"column":3}},"line":54},"3":{"name":"(anonymous_3)","decl":{"start":{"line":78,"column":2},"end":{"line":78,"column":3}},"loc":{"start":{"line":78,"column":19},"end":{"line":80,"column":3}},"line":78},"4":{"name":"(anonymous_4)","decl":{"start":{"line":86,"column":2},"end":{"line":86,"column":3}},"loc":{"start":{"line":86,"column":14},"end":{"line":88,"column":3}},"line":86},"5":{"name":"(anonymous_5)","decl":{"start":{"line":94,"column":2},"end":{"line":94,"column":3}},"loc":{"start":{"line":94,"column":18},"end":{"line":96,"column":3}},"line":94},"6":{"name":"(anonymous_6)","decl":{"start":{"line":102,"column":2},"end":{"line":102,"column":3}},"loc":{"start":{"line":102,"column":12},"end":{"line":104,"column":3}},"line":102},"7":{"name":"(anonymous_7)","decl":{"start":{"line":110,"column":2},"end":{"line":110,"column":3}},"loc":{"start":{"line":110,"column":13},"end":{"line":112,"column":3}},"line":110},"8":{"name":"(anonymous_8)","decl":{"start":{"line":120,"column":2},"end":{"line":120,"column":3}},"loc":{"start":{"line":120,"column":27},"end":{"line":131,"column":3}},"line":120},"9":{"name":"(anonymous_9)","decl":{"start":{"line":137,"column":2},"end":{"line":137,"column":3}},"loc":{"start":{"line":137,"column":26},"end":{"line":141,"column":3}},"line":137},"10":{"name":"(anonymous_10)","decl":{"start":{"line":147,"column":2},"end":{"line":147,"column":3}},"loc":{"start":{"line":147,"column":28},"end":{"line":158,"column":3}},"line":147},"11":{"name":"(anonymous_11)","decl":{"start":{"line":164,"column":2},"end":{"line":164,"column":3}},"loc":{"start":{"line":164,"column":23},"end":{"line":166,"column":3}},"line":164},"12":{"name":"(anonymous_12)","decl":{"start":{"line":173,"column":2},"end":{"line":173,"column":3}},"loc":{"start":{"line":173,"column":48},"end":{"line":176,"column":3}},"line":173},"13":{"name":"(anonymous_13)","decl":{"start":{"line":182,"column":2},"end":{"line":182,"column":3}},"loc":{"start":{"line":182,"column":32},"end":{"line":184,"column":3}},"line":182},"14":{"name":"(anonymous_14)","decl":{"start":{"line":191,"column":2},"end":{"line":191,"column":3}},"loc":{"start":{"line":191,"column":29},"end":{"line":193,"column":3}},"line":191},"15":{"name":"(anonymous_15)","decl":{"start":{"line":198,"column":2},"end":{"line":198,"column":3}},"loc":{"start":{"line":198,"column":20},"end":{"line":200,"column":3}},"line":198},"16":{"name":"(anonymous_16)","decl":{"start":{"line":206,"column":2},"end":{"line":206,"column":3}},"loc":{"start":{"line":206,"column":27},"end":{"line":211,"column":3}},"line":206},"17":{"name":"(anonymous_17)","decl":{"start":{"line":217,"column":2},"end":{"line":217,"column":3}},"loc":{"start":{"line":217,"column":31},"end":{"line":219,"column":3}},"line":217},"18":{"name":"(anonymous_18)","decl":{"start":{"line":225,"column":2},"end":{"line":225,"column":3}},"loc":{"start":{"line":225,"column":24},"end":{"line":235,"column":3}},"line":225},"19":{"name":"(anonymous_19)","decl":{"start":{"line":241,"column":2},"end":{"line":241,"column":3}},"loc":{"start":{"line":241,"column":36},"end":{"line":246,"column":3}},"line":241},"20":{"name":"(anonymous_20)","decl":{"start":{"line":252,"column":2},"end":{"line":252,"column":3}},"loc":{"start":{"line":252,"column":26},"end":{"line":260,"column":3}},"line":252},"21":{"name":"(anonymous_21)","decl":{"start":{"line":266,"column":2},"end":{"line":266,"column":3}},"loc":{"start":{"line":266,"column":24},"end":{"line":271,"column":3}},"line":266},"22":{"name":"(anonymous_22)","decl":{"start":{"line":278,"column":2},"end":{"line":278,"column":3}},"loc":{"start":{"line":278,"column":19},"end":{"line":289,"column":3}},"line":278},"23":{"name":"(anonymous_23)","decl":{"start":{"line":295,"column":2},"end":{"line":295,"column":3}},"loc":{"start":{"line":295,"column":20},"end":{"line":297,"column":3}},"line":295},"24":{"name":"(anonymous_24)","decl":{"start":{"line":296,"column":34},"end":{"line":296,"column":35}},"loc":{"start":{"line":296,"column":42},"end":{"line":296,"column":55}},"line":296},"25":{"name":"(anonymous_25)","decl":{"start":{"line":304,"column":2},"end":{"line":304,"column":3}},"loc":{"start":{"line":304,"column":44},"end":{"line":316,"column":3}},"line":304},"26":{"name":"(anonymous_26)","decl":{"start":{"line":308,"column":23},"end":{"line":308,"column":24}},"loc":{"start":{"line":308,"column":31},"end":{"line":313,"column":5}},"line":308},"27":{"name":"(anonymous_27)","decl":{"start":{"line":323,"column":2},"end":{"line":323,"column":3}},"loc":{"start":{"line":323,"column":59},"end":{"line":334,"column":3}},"line":323},"28":{"name":"(anonymous_28)","decl":{"start":{"line":326,"column":23},"end":{"line":326,"column":24}},"loc":{"start":{"line":326,"column":31},"end":{"line":331,"column":5}},"line":326},"29":{"name":"(anonymous_29)","decl":{"start":{"line":341,"column":2},"end":{"line":341,"column":3}},"loc":{"start":{"line":341,"column":19},"end":{"line":360,"column":3}},"line":341},"30":{"name":"(anonymous_30)","decl":{"start":{"line":355,"column":23},"end":{"line":355,"column":24}},"loc":{"start":{"line":355,"column":31},"end":{"line":359,"column":5}},"line":355}},"branchMap":{"0":{"loc":{"start":{"line":32,"column":4},"end":{"line":34,"column":5}},"type":"if","locations":[{"start":{"line":32,"column":4},"end":{"line":34,"column":5}},{"start":{},"end":{}}],"line":32},"1":{"loc":{"start":{"line":36,"column":4},"end":{"line":38,"column":5}},"type":"if","locations":[{"start":{"line":36,"column":4},"end":{"line":38,"column":5}},{"start":{},"end":{}}],"line":36},"2":{"loc":{"start":{"line":44,"column":4},"end":{"line":46,"column":5}},"type":"if","locations":[{"start":{"line":44,"column":4},"end":{"line":46,"column":5}},{"start":{},"end":{}}],"line":44},"3":{"loc":{"start":{"line":56,"column":4},"end":{"line":58,"column":5}},"type":"if","locations":[{"start":{"line":56,"column":4},"end":{"line":58,"column":5}},{"start":{},"end":{}}],"line":56},"4":{"loc":{"start":{"line":65,"column":4},"end":{"line":68,"column":5}},"type":"if","locations":[{"start":{"line":65,"column":4},"end":{"line":68,"column":5}},{"start":{},"end":{}}],"line":65},"5":{"loc":{"start":{"line":79,"column":11},"end":{"line":79,"column":41}},"type":"binary-expr","locations":[{"start":{"line":79,"column":11},"end":{"line":79,"column":33}},{"start":{"line":79,"column":37},"end":{"line":79,"column":41}}],"line":79},"6":{"loc":{"start":{"line":121,"column":4},"end":{"line":123,"column":5}},"type":"if","locations":[{"start":{"line":121,"column":4},"end":{"line":123,"column":5}},{"start":{},"end":{}}],"line":121},"7":{"loc":{"start":{"line":138,"column":4},"end":{"line":140,"column":5}},"type":"if","locations":[{"start":{"line":138,"column":4},"end":{"line":140,"column":5}},{"start":{},"end":{}}],"line":138},"8":{"loc":{"start":{"line":155,"column":4},"end":{"line":157,"column":5}},"type":"if","locations":[{"start":{"line":155,"column":4},"end":{"line":157,"column":5}},{"start":{},"end":{}}],"line":155},"9":{"loc":{"start":{"line":192,"column":11},"end":{"line":192,"column":51}},"type":"binary-expr","locations":[{"start":{"line":192,"column":11},"end":{"line":192,"column":43}},{"start":{"line":192,"column":47},"end":{"line":192,"column":51}}],"line":192},"10":{"loc":{"start":{"line":207,"column":4},"end":{"line":210,"column":5}},"type":"if","locations":[{"start":{"line":207,"column":4},"end":{"line":210,"column":5}},{"start":{},"end":{}}],"line":207},"11":{"loc":{"start":{"line":226,"column":4},"end":{"line":232,"column":5}},"type":"if","locations":[{"start":{"line":226,"column":4},"end":{"line":232,"column":5}},{"start":{},"end":{}}],"line":226},"12":{"loc":{"start":{"line":226,"column":8},"end":{"line":226,"column":57}},"type":"binary-expr","locations":[{"start":{"line":226,"column":8},"end":{"line":226,"column":25}},{"start":{"line":226,"column":29},"end":{"line":226,"column":57}}],"line":226},"13":{"loc":{"start":{"line":242,"column":4},"end":{"line":245,"column":5}},"type":"if","locations":[{"start":{"line":242,"column":4},"end":{"line":245,"column":5}},{"start":{},"end":{}}],"line":242},"14":{"loc":{"start":{"line":242,"column":8},"end":{"line":242,"column":57}},"type":"binary-expr","locations":[{"start":{"line":242,"column":8},"end":{"line":242,"column":24}},{"start":{"line":242,"column":28},"end":{"line":242,"column":57}}],"line":242},"15":{"loc":{"start":{"line":283,"column":4},"end":{"line":285,"column":5}},"type":"if","locations":[{"start":{"line":283,"column":4},"end":{"line":285,"column":5}},{"start":{},"end":{}}],"line":283},"16":{"loc":{"start":{"line":283,"column":8},"end":{"line":283,"column":74}},"type":"binary-expr","locations":[{"start":{"line":283,"column":8},"end":{"line":283,"column":22}},{"start":{"line":283,"column":26},"end":{"line":283,"column":42}},{"start":{"line":283,"column":46},"end":{"line":283,"column":74}}],"line":283},"17":{"loc":{"start":{"line":304,"column":21},"end":{"line":304,"column":42}},"type":"default-arg","locations":[{"start":{"line":304,"column":33},"end":{"line":304,"column":42}}],"line":304},"18":{"loc":{"start":{"line":309,"column":6},"end":{"line":312,"column":7}},"type":"if","locations":[{"start":{"line":309,"column":6},"end":{"line":312,"column":7}},{"start":{},"end":{}}],"line":309},"19":{"loc":{"start":{"line":309,"column":10},"end":{"line":309,"column":74}},"type":"binary-expr","locations":[{"start":{"line":309,"column":10},"end":{"line":309,"column":23}},{"start":{"line":309,"column":27},"end":{"line":309,"column":74}}],"line":309},"20":{"loc":{"start":{"line":323,"column":25},"end":{"line":323,"column":57}},"type":"default-arg","locations":[{"start":{"line":323,"column":44},"end":{"line":323,"column":57}}],"line":323},"21":{"loc":{"start":{"line":327,"column":6},"end":{"line":330,"column":7}},"type":"if","locations":[{"start":{"line":327,"column":6},"end":{"line":330,"column":7}},{"start":{},"end":{}}],"line":327},"22":{"loc":{"start":{"line":342,"column":4},"end":{"line":344,"column":5}},"type":"if","locations":[{"start":{"line":342,"column":4},"end":{"line":344,"column":5}},{"start":{},"end":{}}],"line":342},"23":{"loc":{"start":{"line":346,"column":4},"end":{"line":348,"column":5}},"type":"if","locations":[{"start":{"line":346,"column":4},"end":{"line":348,"column":5}},{"start":{},"end":{}}],"line":346},"24":{"loc":{"start":{"line":350,"column":4},"end":{"line":352,"column":5}},"type":"if","locations":[{"start":{"line":350,"column":4},"end":{"line":352,"column":5}},{"start":{},"end":{}}],"line":350},"25":{"loc":{"start":{"line":356,"column":6},"end":{"line":358,"column":7}},"type":"if","locations":[{"start":{"line":356,"column":6},"end":{"line":358,"column":7}},{"start":{},"end":{}}],"line":356}},"s":{"0":33,"1":33,"2":33,"3":33,"4":33,"5":33,"6":33,"7":33,"8":33,"9":33,"10":33,"11":133,"12":0,"13":133,"14":0,"15":133,"16":133,"17":133,"18":133,"19":53,"20":133,"21":133,"22":0,"23":133,"24":133,"25":133,"26":133,"27":53,"28":53,"29":133,"30":10,"31":267,"32":268,"33":135,"34":134,"35":0,"36":0,"37":0,"38":0,"39":0,"40":0,"41":0,"42":0,"43":106,"44":106,"45":106,"46":106,"47":0,"48":4,"49":5,"50":5,"51":133,"52":0,"53":377,"54":106,"55":106,"56":106,"57":33,"58":266,"59":0,"60":266,"61":0,"62":0,"63":0,"64":133,"65":0,"66":1,"67":0,"68":1,"69":1,"70":0,"71":0,"72":0,"73":0,"74":0,"75":0,"76":0,"77":0,"78":0,"79":1,"80":1,"81":0,"82":0,"83":0,"84":1,"85":1,"86":0,"87":1,"88":0,"89":1,"90":0,"91":1,"92":10,"93":0,"94":1},"f":{"0":33,"1":133,"2":133,"3":10,"4":267,"5":268,"6":135,"7":134,"8":0,"9":0,"10":106,"11":4,"12":5,"13":133,"14":0,"15":377,"16":106,"17":33,"18":266,"19":0,"20":133,"21":0,"22":1,"23":0,"24":0,"25":0,"26":0,"27":1,"28":0,"29":1,"30":10},"b":{"0":[0,133],"1":[0,133],"2":[53,80],"3":[0,133],"4":[53,80],"5":[10,0],"6":[0,0],"7":[0,0],"8":[0,106],"9":[0,0],"10":[106,0],"11":[0,266],"12":[266,266],"13":[0,0],"14":[0,0],"15":[0,1],"16":[1,1,1],"17":[0],"18":[0,0],"19":[0,0],"20":[1],"21":[0,0],"22":[0,1],"23":[0,1],"24":[0,1],"25":[0,10]},"_coverageSchema":"1a1c01bbd47fc00a2c39e90264f33305004495a9","hash":"be477cf5768bb80a91b04df30833f3d1b1378ae1"}
,"/home/polde/Webarmonium/backend/src/models/User.js": {"path":"/home/polde/Webarmonium/backend/src/models/User.js","statementMap":{"0":{"start":{"line":8,"column":4},"end":{"line":8,"column":20}},"1":{"start":{"line":9,"column":4},"end":{"line":9,"column":22}},"2":{"start":{"line":10,"column":4},"end":{"line":10,"column":29}},"3":{"start":{"line":11,"column":4},"end":{"line":11,"column":25}},"4":{"start":{"line":12,"column":4},"end":{"line":12,"column":30}},"5":{"start":{"line":13,"column":4},"end":{"line":13,"column":34}},"6":{"start":{"line":14,"column":4},"end":{"line":14,"column":62}},"7":{"start":{"line":15,"column":4},"end":{"line":15,"column":50}},"8":{"start":{"line":16,"column":4},"end":{"line":16,"column":51}},"9":{"start":{"line":25,"column":23},"end":{"line":25,"column":44}},"10":{"start":{"line":26,"column":4},"end":{"line":28,"column":5}},"11":{"start":{"line":27,"column":6},"end":{"line":27,"column":94}},"12":{"start":{"line":29,"column":4},"end":{"line":29,"column":21}},"13":{"start":{"line":37,"column":4},"end":{"line":39,"column":5}},"14":{"start":{"line":38,"column":6},"end":{"line":38,"column":59}},"15":{"start":{"line":40,"column":4},"end":{"line":40,"column":24}},"16":{"start":{"line":41,"column":4},"end":{"line":41,"column":25}},"17":{"start":{"line":48,"column":4},"end":{"line":48,"column":22}},"18":{"start":{"line":49,"column":4},"end":{"line":49,"column":29}},"19":{"start":{"line":50,"column":4},"end":{"line":50,"column":25}},"20":{"start":{"line":59,"column":4},"end":{"line":61,"column":5}},"21":{"start":{"line":60,"column":6},"end":{"line":60,"column":88}},"22":{"start":{"line":62,"column":4},"end":{"line":62,"column":30}},"23":{"start":{"line":71,"column":4},"end":{"line":71,"column":39}},"24":{"start":{"line":79,"column":4},"end":{"line":79,"column":34}},"25":{"start":{"line":80,"column":4},"end":{"line":82,"column":5}},"26":{"start":{"line":81,"column":6},"end":{"line":81,"column":26}},"27":{"start":{"line":90,"column":4},"end":{"line":90,"column":25}},"28":{"start":{"line":99,"column":30},"end":{"line":99,"column":70}},"29":{"start":{"line":100,"column":4},"end":{"line":100,"column":40}},"30":{"start":{"line":108,"column":4},"end":{"line":114,"column":5}},"31":{"start":{"line":122,"column":4},"end":{"line":129,"column":5}},"32":{"start":{"line":137,"column":4},"end":{"line":137,"column":31}},"33":{"start":{"line":146,"column":4},"end":{"line":151,"column":5}},"34":{"start":{"line":159,"column":4},"end":{"line":163,"column":5}},"35":{"start":{"line":172,"column":27},"end":{"line":172,"column":38}},"36":{"start":{"line":174,"column":4},"end":{"line":176,"column":5}},"37":{"start":{"line":175,"column":6},"end":{"line":175,"column":48}},"38":{"start":{"line":178,"column":4},"end":{"line":178,"column":31}},"39":{"start":{"line":187,"column":4},"end":{"line":189,"column":5}},"40":{"start":{"line":188,"column":6},"end":{"line":188,"column":44}},"41":{"start":{"line":191,"column":4},"end":{"line":193,"column":5}},"42":{"start":{"line":192,"column":6},"end":{"line":192,"column":48}},"43":{"start":{"line":195,"column":4},"end":{"line":197,"column":5}},"44":{"start":{"line":196,"column":6},"end":{"line":196,"column":51}},"45":{"start":{"line":201,"column":0},"end":{"line":201,"column":21}}},"fnMap":{"0":{"name":"(anonymous_0)","decl":{"start":{"line":7,"column":2},"end":{"line":7,"column":3}},"loc":{"start":{"line":7,"column":33},"end":{"line":17,"column":3}},"line":7},"1":{"name":"(anonymous_1)","decl":{"start":{"line":24,"column":2},"end":{"line":24,"column":3}},"loc":{"start":{"line":24,"column":34},"end":{"line":30,"column":3}},"line":24},"2":{"name":"(anonymous_2)","decl":{"start":{"line":36,"column":2},"end":{"line":36,"column":3}},"loc":{"start":{"line":36,"column":20},"end":{"line":42,"column":3}},"line":36},"3":{"name":"(anonymous_3)","decl":{"start":{"line":47,"column":2},"end":{"line":47,"column":3}},"loc":{"start":{"line":47,"column":15},"end":{"line":51,"column":3}},"line":47},"4":{"name":"(anonymous_4)","decl":{"start":{"line":58,"column":2},"end":{"line":58,"column":3}},"loc":{"start":{"line":58,"column":22},"end":{"line":63,"column":3}},"line":58},"5":{"name":"(anonymous_5)","decl":{"start":{"line":70,"column":2},"end":{"line":70,"column":3}},"loc":{"start":{"line":70,"column":27},"end":{"line":72,"column":3}},"line":70},"6":{"name":"(anonymous_6)","decl":{"start":{"line":78,"column":2},"end":{"line":78,"column":3}},"loc":{"start":{"line":78,"column":20},"end":{"line":83,"column":3}},"line":78},"7":{"name":"(anonymous_7)","decl":{"start":{"line":89,"column":2},"end":{"line":89,"column":3}},"loc":{"start":{"line":89,"column":18},"end":{"line":91,"column":3}},"line":89},"8":{"name":"(anonymous_8)","decl":{"start":{"line":98,"column":
[...]
umn":22},"end":{"line":202,"column":3}},"line":187},"11":{"name":"(anonymous_11)","decl":{"start":{"line":189,"column":37},"end":{"line":189,"column":38}},"loc":{"start":{"line":189,"column":45},"end":{"line":189,"column":58}},"line":189},"12":{"name":"(anonymous_12)","decl":{"start":{"line":190,"column":36},"end":{"line":190,"column":37}},"loc":{"start":{"line":190,"column":51},"end":{"line":190,"column":76}},"line":190},"13":{"name":"(anonymous_13)","decl":{"start":{"line":191,"column":41},"end":{"line":191,"column":42}},"loc":{"start":{"line":191,"column":49},"end":{"line":191,"column":98}},"line":191},"14":{"name":"(anonymous_14)","decl":{"start":{"line":196,"column":31},"end":{"line":196,"column":32}},"loc":{"start":{"line":196,"column":39},"end":{"line":196,"column":53}},"line":196},"15":{"name":"(anonymous_15)","decl":{"start":{"line":209,"column":2},"end":{"line":209,"column":3}},"loc":{"start":{"line":209,"column":29},"end":{"line":223,"column":3}},"line":209},"16":{"name":"(anonymous_16)","decl":{"start":{"line":231,"column":2},"end":{"line":231,"column":3}},"loc":{"start":{"line":231,"column":34},"end":{"line":260,"column":3}},"line":231},"17":{"name":"(anonymous_17)","decl":{"start":{"line":250,"column":14},"end":{"line":250,"column":15}},"loc":{"start":{"line":250,"column":19},"end":{"line":250,"column":48}},"line":250},"18":{"name":"(anonymous_18)","decl":{"start":{"line":251,"column":11},"end":{"line":251,"column":12}},"loc":{"start":{"line":251,"column":16},"end":{"line":251,"column":20}},"line":251},"19":{"name":"(anonymous_19)","decl":{"start":{"line":268,"column":2},"end":{"line":268,"column":3}},"loc":{"start":{"line":268,"column":40},"end":{"line":286,"column":3}},"line":268},"20":{"name":"(anonymous_20)","decl":{"start":{"line":280,"column":29},"end":{"line":280,"column":30}},"loc":{"start":{"line":280,"column":34},"end":{"line":280,"column":51}},"line":280},"21":{"name":"(anonymous_21)","decl":{"start":{"line":293,"column":2},"end":{"line":293,"column":3}},"loc":{"start":{"line":293,"column":26},"end":{"line":327,"column":3}},"line":293},"22":{"name":"(anonymous_22)","decl":{"start":{"line":334,"column":2},"end":{"line":334,"column":3}},"loc":{"start":{"line":334,"column":29},"end":{"line":336,"column":3}},"line":334},"23":{"name":"(anonymous_23)","decl":{"start":{"line":343,"column":2},"end":{"line":343,"column":3}},"loc":{"start":{"line":343,"column":27},"end":{"line":345,"column":3}},"line":343},"24":{"name":"(anonymous_24)","decl":{"start":{"line":352,"column":2},"end":{"line":352,"column":3}},"loc":{"start":{"line":352,"column":29},"end":{"line":360,"column":3}},"line":352},"25":{"name":"(anonymous_25)","decl":{"start":{"line":359,"column":23},"end":{"line":359,"column":24}},"loc":{"start":{"line":359,"column":33},"end":{"line":359,"column":56}},"line":359},"26":{"name":"(anonymous_26)","decl":{"start":{"line":367,"column":2},"end":{"line":367,"column":3}},"loc":{"start":{"line":367,"column":38},"end":{"line":374,"column":3}},"line":367},"27":{"name":"(anonymous_27)","decl":{"start":{"line":382,"column":2},"end":{"line":382,"column":3}},"loc":{"start":{"line":382,"column":48},"end":{"line":390,"column":3}},"line":382},"28":{"name":"(anonymous_28)","decl":{"start":{"line":397,"column":2},"end":{"line":397,"column":3}},"loc":{"start":{"line":397,"column":26},"end":{"line":404,"column":3}},"line":397},"29":{"name":"(anonymous_29)","decl":{"start":{"line":409,"column":2},"end":{"line":409,"column":3}},"loc":{"start":{"line":409,"column":25},"end":{"line":418,"column":3}},"line":409},"30":{"name":"(anonymous_30)","decl":{"start":{"line":415,"column":39},"end":{"line":415,"column":40}},"loc":{"start":{"line":415,"column":45},"end":{"line":417,"column":5}},"line":415},"31":{"name":"(anonymous_31)","decl":{"start":{"line":424,"column":2},"end":{"line":424,"column":3}},"loc":{"start":{"line":424,"column":19},"end":{"line":474,"column":3}},"line":424},"32":{"name":"(anonymous_32)","decl":{"start":{"line":433,"column":23},"end":{"line":433,"column":24}},"loc":{"start":{"line":433,"column":31},"end":{"line":442,"column":5}},"line":433},"33":{"name":"(anonymous_33)","decl":{"start":{"line":438,"column":27},"end":{"line":438,"column":28}},"loc":{"start":{"line":438,"column":35},"end":{"line":441,"column":7}},"line":438},"34":{"name":"(anonymous_34)","decl":{"start":{"line":446,"column":23},"end":{"line":446,"column":24}},"loc":{"start":{"line":446,"column":41},"end":{"line":460,"column":5}},"line":446},"35":{"name":"(anonymous_35)","decl":{"start":{"line":451,"column":32},"end":{"line":451,"column":33}},"loc":{"start":{"line":451,"column":40},"end":{"line":454,"column":9}},"line":451},"36":{"name":"(anonymous_36)","decl":{"start":{"line":463,"column":26},"end":{"line":463,"column":27}},"loc":{"start":{"line":463,"column":36},"end":{"line":471,"column":5}},"line":463},"37":{"name":"(anonymous_37)","decl":{"start":{"line":479,"column":2},"end":{"line":479,"column":3}},"loc":{"start":{"line":479,"column":24},"end":{"line":484,"column":3}},"line":479},"38":{"name":"(anonymous_38)","decl":{"start":{"line":491,"column":2},"end":{"line":491,"column":3}},"loc":{"start":{"line":491,"column":27},"end":{"line":506,"column":3}},"line":491},"39":{"name":"(anonymous_39)","decl":{"start":{"line":493,"column":14},"end":{"line":493,"column":15}},"loc":{"start":{"line":493,"column":22},"end":{"line":493,"column":53}},"line":493},"40":{"name":"(anonymous_40)","decl":{"start":{"line":494,"column":12},"end":{"line":494,"column":13}},"loc":{"start":{"line":494,"column":22},"end":{"line":494,"column":57}},"line":494},"41":{"name":"(anonymous_41)","decl":{"start":{"line":496,"column":11},"end":{"line":496,"column":12}},"loc":{"start":{"line":496,"column":20},"end":{"line":505,"column":7}},"line":496},"42":{"name":"(anonymous_42)","decl":{"start":{"line":514,"column":2},"end":{"line":514,"column":3}},"loc":{"start":{"line":514,"column":68},"end":{"line":527,"column":3}},"line":514},"43":{"name":"(anonymous_43)","decl":{"start":{"line":534,"column":2},"end":{"line":534,"column":3}},"loc":{"start":{"line":534,"column":18},"end":{"line":570,"column":3}},"line":534},"44":{"name":"(anonymous_44)","decl":{"start":{"line":536,"column":29},"end":{"line":536,"column":30}},"loc":{"start":{"line":536,"column":49},"end":{"line":550,"column":5}},"line":536},"45":{"name":"(anonymous_45)","decl":{"start":{"line":553,"column":23},"end":{"line":553,"column":24}},"loc":{"start":{"line":553,"column":41},"end":{"line":562,"column":5}},"line":553},"46":{"name":"(anonymous_46)","decl":{"start":{"line":556,"column":30},"end":{"line":556,"column":31}},"loc":{"start":{"line":556,"column":38},"end":{"line":561,"column":7}},"line":556},"47":{"name":"(anonymous_47)","decl":{"start":{"line":565,"column":23},"end":{"line":565,"column":24}},"loc":{"start":{"line":565,"column":31},"end":{"line":569,"column":5}},"line":565},"48":{"name":"(anonymous_48)","decl":{"start":{"line":575,"column":2},"end":{"line":575,"column":3}},"loc":{"start":{"line":575,"column":13},"end":{"line":594,"column":3}},"line":575},"49":{"name":"(anonymous_49)","decl":{"start":{"line":580,"column":21},"end":{"line":580,"column":22}},"loc":{"start":{"line":580,"column":31},"end":{"line":587,"column":5}},"line":580}},"branchMap":{"0":{"loc":{"start":{"line":33,"column":33},"end":{"line":33,"column":46}},"type":"default-arg","locations":[{"start":{"line":33,"column":44},"end":{"line":33,"column":46}}],"line":33},"1":{"loc":{"start":{"line":35,"column":4},"end":{"line":37,"column":5}},"type":"if","locations":[{"start":{"line":35,"column":4},"end":{"line":37,"column":5}},{"start":{},"end":{}}],"line":35},"2":{"loc":{"start":{"line":35,"column":8},"end":{"line":35,"column":26}},"type":"binary-expr","locations":[{"start":{"line":35,"column":8},"end":{"line":35,"column":15}},{"start":{"line":35,"column":19},"end":{"line":35,"column":26}}],"line":35},"3":{"loc":{"start":{"line":40,"column":4},"end":{"line":47,"column":5}},"type":"if","locations":[{"start":{"line":40,"column":4},"end":{"line":47,"column":5}},{"start":{},"end":{}}],"line":40},"4":{"loc":{"start":{"line":42,"column":6},"end":{"line":44,"column":7}},"type":"if","locations":[{"start":{"line":42,"column":6},"end":{"line":44,"column":7}},{"start":{},"end":{}}],"line":42},"5":{"loc":{"start":{"line":51,"column":4},"end":{"line":60,"column":5}},"type":"if","locations":[{"start":{"line":51,"column":4},"end":{"line":60,"column":5}},{"start":{},"end":{}}],"line":51},"6":{"loc":{"start":{"line":63,"column":4},"end":{"line":65,"column":5}},"type":"if","locations":[{"start":{"line":63,"column":4},"end":{"line":65,"column":5}},{"start":{},"end":{}}],"line":63},"7":{"loc":{"start":{"line":109,"column":4},"end":{"line":111,"column":5}},"type":"if","locations":[{"start":{"line":109,"column":4},"end":{"line":111,"column":5}},{"start":{},"end":{}}],"line":109},"8":{"loc":{"start":{"line":114,"column":4},"end":{"line":116,"column":5}},"type":"if","locations":[{"start":{"line":114,"column":4},"end":{"line":116,"column":5}},{"start":{},"end":{}}],"line":114},"9":{"loc":{"start":{"line":121,"column":4},"end":{"line":123,"column":5}},"type":"if","locations":[{"start":{"line":121,"column":4},"end":{"line":123,"column":5}},{"start":{},"end":{}}],"line":121},"10":{"loc":{"start":{"line":127,"column":4},"end":{"line":129,"column":5}},"type":"if","locations":[{"start":{"line":127,"column":4},"end":{"line":129,"column":5}},{"start":{},"end":{}}],"line":127},"11":{"loc":{"start":{"line":133,"column":4},"end":{"line":135,"column":5}},"type":"if","locations":[{"start":{"line":133,"column":4},"end":{"line":135,"column":5}},{"start":{},"end":{}}],"line":133},"12":{"loc":{"start":{"line":148,"column":4},"end":{"line":151,"column":5}},"type":"if","locations":[{"start":{"line":148,"column":4},"end":{"line":151,"column":5}},{"start":{},"end":{}}],"line":148},"13":{"loc":{"start":{"line":162,"column":11},"end":{"line":162,"column":41}},"type":"binary-expr","locations":[{"start":{"line":162,"column":11},"end":{"line":162,"column":33}},{"start":{"line":162,"column":37},"end":{"line":162,"column":41}}],"line":162},"14":{"loc":{"start":{"line":172,"column":11},"end":{"line":172,"column":49}},"type":"cond-expr","locations":[{"start":{"line":172,"column":20},"end":{"line":172,"column":42}},{"start":{"line":172,"column":45},"end":{"line":172,"column":49}}],"line":172},"15":{"loc":{"start":{"line":191,"column":49},"end":{"line":191,"column":98}},"type":"binary-expr","locations":[{"start":{"line":191,"column":49},"end":{"line":191,"column":65}},{"start":{"line":191,"column":69},"end":{"line":191,"column":98}}],"line":191},"16":{"loc":{"start":{"line":199,"column":27},"end":{"line":200,"column":43}},"type":"cond-expr","locations":[{"start":{"line":200,"column":8},"end":{"line":200,"column":39}},{"start":{"line":200,"column":42},"end":{"line":200,"column":43}}],"line":199},"17":{"loc":{"start":{"line":211,"column":4},"end":{"line":213,"column":5}},"type":"if","locations":[{"start":{"line":211,"column":4},"end":{"line":213,"column":5}},{"start":{},"end":{}}],"line":211},"18":{"loc":{"start":{"line":216,"column":4},"end":{"line":218,"column":5}},"type":"if","locations":[{"start":{"line":216,"column":4},"end":{"line":218,"column":5}},{"start":{},"end":{}}],"line":216},"19":{"loc":{"start":{"line":233,"column":4},"end":{"line":235,"column":5}},"type":"if","locations":[{"start":{"line":233,"column":4},"end":{"line":235,"column":5}},{"start":{},"end":{}}],"line":233},"20":{"loc":{"start":{"line":238,"column":4},"end":{"line":240,"column":5}},"type":"if","locations":[{"start":{"line":238,"column":4},"end":{"line":240,"column":5}},{"start":{},"end":{}}],"line":238},"21":{"loc":{"start":{"line":238,"column":8},"end":{"line":238,"column":63}},"type":"binary-expr","locations":[{"start":{"line":238,"column":8},"end":{"line":238,"column":33}},{"start":{"line":238,"column":37},"end":{"line":238,"column":63}}],"line":238},"22":{"loc":{"start":{"line":250,"column":19},"end":{"line":250,"column":48}},"type":"binary-expr","locations":[{"start":{"line":250,"column":19},"end":{"line":250,"column":34}},{"start":{"line":250,"column":38},"end":{"line":250,"column":48}}],"line":250},"23":{"loc":{"start":{"line":270,"column":4},"end":{"line":272,"column":5}},"type":"if","locations":[{"start":{"line":270,"column":4},"end":{"line":272,"column":5}},{"start":{},"end":{}}],"line":270},"24":{"loc":{"start":{"line":295,"column":4},"end":{"line":301,"column":5}},"type":"if","locations":[{"start":{"line":295,"column":4},"end":{"line":301,"column":5}},{"start":{},"end":{}}],"line":295},"25":{"loc":{"start":{"line":304,"column":4},"end":{"line":310,"column":5}},"type":"if","locations":[{"start":{"line":304,"column":4},"end":{"line":310,"column":5}},{"start":{},"end":{}}],"line":304},"26":{"loc":{"start":{"line":335,"column":11},"end":{"line":335,"column":51}},"type":"binary-expr","locations":[{"start":{"line":335,"column":11},"end":{"line":335,"column":43}},{"start":{"line":335,"column":47},"end":{"line":335,"column":51}}],"line":335},"27":{"loc":{"start":{"line":344,"column":11},"end":{"line":344,"column":49}},"type":"binary-expr","locations":[{"start":{"line":344,"column":11},"end":{"line":344,"column":41}},{"start":{"line":344,"column":45},"end":{"line":344,"column":49}}],"line":344},"28":{"loc":{"start":{"line":354,"column":4},"end":{"line":356,"column":5}},"type":"if","locations":[{"start":{"line":354,"column":4},"end":{"line":356,"column":5}},{"start":{},"end":{}}],"line":354},"29":{"loc":{"start":{"line":369,"column":4},"end":{"line":371,"column":5}},"type":"if","locations":[{"start":{"line":369,"column":4},"end":{"line":371,"column":5}},{"start":{},"end":{}}],"line":369},"30":{"loc":{"start":{"line":384,"column":4},"end":{"line":386,"column":5}},"type":"if","locations":[{"start":{"line":384,"column":4},"end":{"line":386,"column":5}},{"start":{},"end":{}}],"line":384},"31":{"loc":{"start":{"line":399,"column":4},"end":{"line":401,"column":5}},"type":"if","locations":[{"start":{"line":399,"column":4},"end":{"line":401,"column":5}},{"start":{},"end":{}}],"line":399},"32":{"loc":{"start":{"line":410,"column":4},"end":{"line":412,"column":5}},"type":"if","locations":[{"start":{"line":410,"column":4},"end":{"line":412,"column":5}},{"start":{},"end":{}}],"line":410},"33":{"loc":{"start":{"line":447,"column":6},"end":{"line":459,"column":7}},"type":"if","locations":[{"start":{"line":447,"column":6},"end":{"line":459,"column":7}},{"start":{},"end":{}}],"line":447},"34":{"loc":{"start":{"line":456,"column":8},"end":{"line":458,"column":9}},"type":"if","locations":[{"start":{"line":456,"column":8},"end":{"line":458,"column":9}},{"start":{},"end":{}}],"line":456},"35":{"loc":{"start":{"line":456,"column":12},"end":{"line":456,"column":60}},"type":"binary-expr","locations":[{"start":{"line":456,"column":12},"end":{"line":456,"column":28}},{"start":{"line":456,"column":32},"end":{"line":456,"column":60}}],"line":456},"36":{"loc":{"start":{"line":480,"column":4},"end":{"line":483,"column":5}},"type":"if","locations":[{"start":{"line":480,"column":4},"end":{"line":483,"column":5}},{"start":{},"end":{}}],"line":480},"37":{"loc":{"start":{"line":491,"column":15},"end":{"line":491,"column":25}},"type":"default-arg","locations":[{"start":{"line":491,"column":23},"end":{"line":491,"column":25}}],"line":491},"38":{"loc":{"start":{"line":493,"column":22},"end":{"line":493,"column":53}},"type":"binary-expr","locations":[{"start":{"line":493,"column":22},"end":{"line":493,"column":35}},{"start":{"line":493,"column":39},"end":{"line":493,"column":53}}],"line":493},"39":{"loc":{"start":{"line":500,"column":19},"end":{"line":500,"column":68}},"type":"binary-expr","locations":[{"start":{"line":500,"column":19},"end":{"line":500,"column":35}},{"start":{"line":500,"column":39},"end":{"line":500,"column":68}}],"line":500},"40":{"loc":{"start":{"line":501,"column":19},"end":{"line":502,"column":63}},"type":"cond-expr","locations":[{"start":{"line":502,"column":10},"end":{"line":502,"column":59}},{"start":{"line":502,"column":62},"end":{"line":502,"column":63}}],"line":501},"41":{"loc":{"start":{"line":514,"column":30},"end":{"line":514,"column":66}},"type":"default-arg","locations":[{"start":{"line":514,"column":39},"end":{"line":514,"column":66}}],"line":514},"42":{"loc":{"start":{"line":538,"column":6},"end":{"line":540,"column":7}},"type":"if","locations":[{"start":{"line":538,"column":6},"end":{"line":540,"column":7}},{"start":{},"end":{}}],"line":538},"43":{"loc":{"start":{"line":543,"column":6},"end":{"line":545,"column":7}},"type":"if","locations":[{"start":{"line":543,"column":6},"end":{"line":545,"column":7}},{"start":{},"end":{}}],"line":543},"44":{"loc":{"start":{"line":547,"column":6},"end":{"line":549,"column":7}},"type":"if","locations":[{"start":{"line":547,"column":6},"end":{"line":549,"column":7}},{"start":{},"end":{}}],"line":547},"45":{"loc":{"start":{"line":558,"column":8},"end":{"line":560,"column":9}},"type":"if","locations":[{"start":{"line":558,"column":8},"end":{"line":560,"column":9}},{"start":{},"end":{}}],"line":558},"46":{"loc":{"start":{"line":566,"column":6},"end":{"line":568,"column":7}},"type":"if","locations":[{"start":{"line":566,"column":6},"end":{"line":568,"column":7}},{"start":{},"end":{}}],"line":566}},"s":{"0":1,"1":1,"2":1,"3":1,"4":1,"5":35,"6":35,"7":35,"8":35,"9":35,"10":35,"11":134,"12":0,"13":134,"14":0,"15":0,"16":0,"17":0,"18":134,"19":134,"20":33,"21":33,"22":33,"23":33,"24":33,"25":134,"26":1,"27":133,"28":133,"29":133,"30":133,"31":133,"32":133,"33":133,"34":133,"35":515,"36":133,"37":515,"38":382,"39":133,"40":133,"41":0,"42":133,"43":133,"44":0,"45":133,"46":133,"47":133,"48":0,"49":133,"50":133,"51":133,"52":133,"53":133,"54":133,"55":133,"56":133,"57":133,"58":53,"59":53,"60":133,"61":118,"62":6,"63":6,"64":0,"65":0,"66":0,"67":0,"68":0,"69":0,"70":0,"71":0,"72":0,"73":0,"74":0,"75":0,"76":0,"77":0,"78":0,"79":0,"80":0,"81":0,"82":0,"83":0,"84":0,"85":0,"86":0,"87":0,"88":0,"89":0,"90":0,"91":0,"92":0,"93":0,"94":0,"95":0,"96":0,"97":0,"98":0,"99":0,"100":0,"101":0,"102":0,"103":0,"104":0,"105":0,"106":0,"107":0,"108":0,"109":0,"110":0,"111":0,"112":9,"113":15,"114":5,"115":5,"116":1,"117":4,"118":4,"119":106,"120":107,"121":107,"122":1,"123":106,"124":6,"125":6,"126":1,"127":5,"128":5,"129":4,"130":4,"131":1,"132":3,"133":35,"134":0,"135":35,"136":0,"137":1,"138":1,"139":1,"140":1,"141":1,"142":0,"143":0,"144":1,"145":1,"146":1,"147":0,"148":0,"149":0,"150":0,"151":0,"152":0,"153":1,"154":0,"155":0,"156":0,"157":0,"158":1,"159":36,"160":35,"161":35,"162":0,"163":0,"164":0,"165":0,"166":0,"167":0,"168":0,"169":0,"170":0,"171":0,"172":1,"173":10,"174":10,"175":0,"176":10,"177":10,"178":0,"179":10,"180":0,"181":1,"182":1,"183":1,"184":10,"185":10,"186":0,"187":1,"188":1,"189":0,"190":36,"191":36,"192":36,"193":104,"194":104,"195":0,"196":36,"197":36,"198":36,"199":36,"200":1},"f":{"0":35,"1":134,"2":515,"3":515,"4":382,"5":133,"6":118,"7":6,"8":0,"9":0,"10":0,"11":0,"12":0,"13":0,"14":0,"15":0,"16":0,"17":0,"18":0,"19":0,"20":0,"21":0,"22":9,"23":15,"24":5,"25":106,"26":107,"27":6,"28":4,"29":35,"30":0,"31":1,"32":1,"33":0,"34":1,"35":0,"36":0,"37":36,"38":0,"39":0,"40":0,"41":0,"42":0,"43":1,"44":10,"45":1,"46":10,"47":1,"48":36,"49":104},"b":{"0":[0],"1":[0,134],"2":[134,134],"3":[0,134],"4":[0,0],"5":[33,101],"6":[1,133],"7":[0,133],"8":[0,133],"9":[0,133],"10":[133,0],"11":[133,0],"12":[53,80],"13":[118,3],"14":[5,1],"15":[0,0],"16":[0,0],"17":[0,0],"18":[0,0],"19":[0,0],"20":[0,0],"21":[0,0],"22":[0,0],"23":[0,0],"24":[0,0],"25":[0,0],"26":[9,3],"27":[15,3],"28":[1,4],"29":[1,106],"30":[1,5],"31":[1,3],"32":[0,35],"33":[0,1],"34":[0,0],"35":[0,0],"36":[35,1],"37":[0],"38":[0,0],"39":[0,0],"40":[0,0],"41":[0],"42":[0,10],"43":[0,10],"44":[0,10],"45":[0,10],"46":[0,1]},"_coverageSchema":"1a1c01bbd47fc00a2c39e90264f33305004495a9","hash":"0c7251df3efaed8dd837974ccd7b6bcaf8a23585"}
}
