TN:
SF:src/models/CursorPosition.js
FN:7,(anonymous_0)
FN:23,(anonymous_1)
FN:34,(anonymous_2)
FN:77,(anonymous_3)
FN:87,(anonymous_4)
FN:105,(anonymous_5)
FN:126,(anonymous_6)
FN:136,(anonymous_7)
FN:144,(anonymous_8)
FNF:9
FNH:1
FNDA:6,(anonymous_0)
FNDA:0,(anonymous_1)
FNDA:0,(anonymous_2)
FNDA:0,(anonymous_3)
FNDA:0,(anonymous_4)
FNDA:0,(anonymous_5)
FNDA:0,(anonymous_6)
FNDA:0,(anonymous_7)
FNDA:0,(anonymous_8)
DA:8,6
DA:9,6
DA:10,6
DA:11,6
DA:12,6
DA:13,6
DA:24,0
DA:25,0
DA:26,0
DA:27,0
DA:36,0
DA:37,0
DA:41,0
DA:42,0
DA:46,0
DA:47,0
DA:50,0
DA:51,0
DA:55,0
DA:56,0
DA:60,0
DA:61,0
DA:65,0
DA:66,0
DA:67,0
DA:68,0
DA:78,0
DA:79,0
DA:88,0
DA:106,0
DA:108,0
DA:109,0
DA:112,0
DA:113,0
DA:116,0
DA:118,0
DA:127,0
DA:128,0
DA:129,0
DA:137,0
DA:145,0
DA:156,1
LF:42
LH:7
BRDA:7,0,0,6
BRDA:7,1,0,6
BRDA:23,2,0,0
BRDA:36,3,0,0
BRDA:36,3,1,0
BRDA:36,4,0,0
BRDA:36,4,1,0
BRDA:41,5,0,0
BRDA:41,5,1,0
BRDA:41,6,0,0
BRDA:41,6,1,0
BRDA:46,7,0,0
BRDA:46,7,1,0
BRDA:46,8,0,0
BRDA:46,8,1,0
BRDA:50,9,0,0
BRDA:50,9,1,0
BRDA:50,10,0,0
BRDA:50,10,1,0
BRDA:55,11,0,0
BRDA:55,11,1,0
BRDA:60,12,0,0
BRDA:60,12,1,0
BRDA:60,13,0,0
BRDA:60,13,1,0
BRDA:67,14,0,0
BRDA:67,14,1,0
BRDA:77,15,0,0
BRDA:108,16,0,0
BRDA:108,16,1,0
BRDA:108,17,0,0
BRDA:108,17,1,0
BRDA:112,18,0,0
BRDA:112,18,1,0
BRDA:116,19,0,0
BRDA:116,19,1,0
BRF:36
BRH:2
end_of_record
TN:
SF:src/models/DrawingStroke.js
FN:9,(anonymous_0)
FN:32,(anonymous_1)
FN:57,(anonymous_2)
FN:70,(anonymous_3)
FN:78,(anonymous_4)
FN:123,(anonymous_5)
FN:153,(anonymous_6)
FN:169,(anonymous_7)
FN:181,(anonymous_8)
FN:197,(anonymous_9)
FNF:10
FNH:7
FNDA:249,(anonymous_0)
FNDA:1520,(anonymous_1)
FNDA:213,(anonymous_2)
FNDA:112,(anonymous_3)
FNDA:106,(anonymous_4)
FNDA:1213,(anonymous_5)
FNDA:107,(anonymous_6)
FNDA:0,(anonymous_7)
FNDA:0,(anonymous_8)
FNDA:0,(anonymous_9)
DA:1,2
DA:10,249
DA:11,249
DA:12,249
DA:13,249
DA:14,249
DA:15,249
DA:16,249
DA:17,249
DA:20,249
DA:21,249
DA:34,1520
DA:35,0
DA:38,1520
DA:39,0
DA:42,1520
DA:43,0
DA:47,1520
DA:48,0
DA:51,1520
DA:58,213
DA:61,213
DA:62,0
DA:71,112
DA:80,106
DA:81,0
DA:85,106
DA:86,0
DA:90,106
DA:91,0
DA:95,106
DA:96,0
DA:100,106
DA:101,0
DA:105,106
DA:106,0
DA:110,106
DA:111,0
DA:114,106
DA:115,0
DA:118,106
DA:119,0
DA:123,106
DA:124,1213
DA:125,0
DA:128,1213
DA:129,0
DA:134,106
DA:135,0
DA:138,106
DA:139,106
DA:140,0
DA:143,106
DA:144,0
DA:154,107
DA:170,0
DA:171,0
DA:174,0
DA:182,0
DA:198,0
DA:200,0
DA:201,0
DA:204,0
DA:205,0
DA:208,0
DA:209,0
DA:213,2
LF:67
LH:37
BRDA:20,0,0,249
BRDA:20,0,1,0
BRDA:34,1,0,0
BRDA:34,1,1,1520
BRDA:34,2,0,1520
BRDA:34,2,1,1520
BRDA:38,3,0,0
BRDA:38,3,1,1520
BRDA:38,4,0,1520
BRDA:38,4,1,1520
BRDA:42,5,0,0
BRDA:42,5,1,1520
BRDA:42,6,0,1520
BRDA:42,6,1,1520
BRDA:47,7,0,0
BRDA:47,7,1,1520
BRDA:61,8,0,0
BRDA:61,8,1,213
BRDA:80,9,0,0
BRDA:80,9,1,106
BRDA:80,10,0,106
BRDA:80,10,1,106
BRDA:85,11,0,0
BRDA:85,11,1,106
BRDA:90,12,0,0
BRDA:90,12,1,106
BRDA:90,13,0,106
BRDA:90,13,1,106
BRDA:95,14,0,0
BRDA:95,14,1,106
BRDA:95,15,0,106
BRDA:95,15,1,106
BRDA:100,16,0,0
BRDA:100,16,1,106
BRDA:105,17,0,0
BRDA:105,17,1,106
BRDA:105,18,0,106
BRDA:105,18,1,106
BRDA:105,18,2,106
BRDA:110,19,0,0
BRDA:110,19,1,106
BRDA:114,20,0,0
BRDA:114,20,1,106
BRDA:118,21,0,0
BRDA:118,21,1,106
BRDA:124,22,0,0
BRDA:124,22,1,1213
BRDA:124,23,0,1213
BRDA:124,23,1,1213
BRDA:124,23,2,1213
BRDA:128,24,0,0
BRDA:128,24,1,1213
BRDA:128,25,0,1213
BRDA:128,25,1,1213
BRDA:128,25,2,1213
BRDA:134,26,0,0
BRDA:134,26,1,106
BRDA:134,27,0,106
BRDA:134,27,1,106
BRDA:138,28,0,106
BRDA:138,28,1,0
BRDA:139,29,0,0
BRDA:139,29,1,106
BRDA:143,30,0,0
BRDA:143,30,1,106
BRDA:161,31,0,107
BRDA:161,31,1,0
BRDA:170,32,0,0
BRDA:170,32,1,0
BRDA:200,33,0,0
BRDA:200,33,1,0
BRDA:204,34,0,0
BRDA:204,34,1,0
BRDA:204,35,0,0
BRDA:204,35,1,0
BRDA:204,35,2,0
BRF:76
BRH:45
end_of_record
TN:
SF:src/models/MemoryState.js
FN:7,(anonymous_0)
FN:39,(anonymous_1)
FN:75,(anonymous_2)
FN:103,(anonymous_3)
FN:130,(anonymous_4)
FN:137,(anonymous_5)
FN:153,(anonymous_6)
FN:192,(anonymous_7)
FN:194,(anonymous_8)
FN:195,(anonymous_9)
FN:208,(anonymous_10)
FN:209,(anonymous_11)
FN:228,(anonymous_12)
FN:247,(anonymous_13)
FN:251,(anonymous_14)
FN:257,(anonymous_15)
FN:263,(anonymous_16)
FN:264,(anonymous_17)
FN:288,(anonymous_18)
FN:301,(anonymous_19)
FN:330,(anonymous_20)
FN:342,(anonymous_21)
FN:354,(anonymous_22)
FN:377,(anonymous_23)
FN:379,(anonymous_24)
FN:383,(anonymous_25)
FN:387,(anonymous_26)
FN:391,(anonymous_27)
FN:406,(anonymous_28)
FN:409,(anonymous_29)
FN:432,(anonymous_30)
FN:434,(anonymous_31)
FN:435,(anonymous_32)
FN:437,(anonymous_33)
FN:449,(anonymous_34)
FN:464,(anonymous_35)
FN:484,(anonymous_36)
FN:493,(anonymous_37)
FNF:38
FNH:8
FNDA:33,(anonymous_0)
FNDA:0,(anonymous_1)
FNDA:0,(anonymous_2)
FNDA:0,(anonymous_3)
FNDA:0,(anonymous_4)
FNDA:0,(anonymous_5)
FNDA:0,(anonymous_6)
FNDA:0,(anonymous_7)
FNDA:0,(anonymous_8)
FNDA:0,(anonymous_9)
FNDA:0,(anonymous_10)
FNDA:0,(anonymous_11)
FNDA:0,(anonymous_12)
FNDA:0,(anonymous_13)
FNDA:0,(anonymous_14)
FNDA:0,(anonymous_15)
FNDA:0,(anonymous_16)
FNDA:0,(anonymous_17)
FNDA:0,(anonymous_18)
FNDA:0,(anonymous_19)
FNDA:106,(anonymous_20)
FNDA:533,(anonymous_21)
FNDA:266,(anonymous_22)
FNDA:266,(anonymous_23)
FNDA:0,(anonymous_24)
FNDA:0,(anonymous_25)
FNDA:0,(anonymous_26)
FNDA:0,(anonymous_27)
FNDA:266,(anonymous_28)
FNDA:0,(anonymous_29)
FNDA:266,(anonymous_30)
FNDA:0,(anonymous_31)
FNDA:0,(anonymous_32)
FNDA:0,(anonymous_33)
FNDA:266,(anonymous_34)
FNDA:0,(anonymous_35)
FNDA:0,(anonymous_36)
FNDA:0,(anonymous_37)
DA:8,33
DA:9,33
DA:10,33
DA:17,33
DA:18,33
DA:24,33
DA:25,33
DA:26,33
DA:27,33
DA:40,0
DA:41,0
DA:45,0
DA:46,0
DA:49,0
DA:50,0
DA:53,0
DA:56,0
DA:59,0
DA:61,0
DA:62,0
DA:65,0
DA:66,0
DA:76,0
DA:77,0
DA:84,0
DA:87,0
DA:88,0
DA:89,0
DA:92,0
DA:95,0
DA:104,0
DA:115,0
DA:116,0
DA:122,0
DA:131,0
DA:133,0
DA:134,0
DA:137,0
DA:138,0
DA:141,0
DA:154,0
DA:157,0
DA:164,0
DA:171,0
DA:172,0
DA:175,0
DA:176,0
DA:180,0
DA:181,0
DA:185,0
DA:193,0
DA:194,0
DA:195,0
DA:197,0
DA:199,0
DA:200,0
DA:201,0
DA:208,0
DA:209,0
DA:210,0
DA:212,0
DA:213,0
DA:230,0
DA:231,0
DA:232,0
DA:233,0
DA:235,0
DA:248,0
DA:249,0
DA:251,0
DA:252,0
DA:253,0
DA:257,0
DA:264,0
DA:265,0
DA:266,0
DA:270,0
DA:271,0
DA:274,0
DA:279,0
DA:280,0
DA:289,0
DA:291,0
DA:292,0
DA:293,0
DA:302,0
DA:304,0
DA:305,0
DA:309,0
DA:310,0
DA:314,0
DA:315,0
DA:319,0
DA:320,0
DA:331,106
DA:332,0
DA:335,106
DA:343,533
DA:344,452
DA:347,81
DA:355,266
DA:356,0
DA:363,266
DA:364,266
DA:366,266
DA:378,266
DA:379,0
DA:382,266
DA:383,0
DA:386,266
DA:387,0
DA:390,266
DA:391,0
DA:407,266
DA:408,266
DA:409,266
DA:410,0
DA:411,0
DA:415,266
DA:418,266
DA:419,0
DA:423,266
DA:425,266
DA:433,266
DA:434,0
DA:435,0
DA:437,0
DA:450,266
DA:451,266
DA:453,266
DA:454,0
DA:455,0
DA:456,0
DA:457,0
DA:465,0
DA:485,0
DA:486,0
DA:489,0
DA:490,0
DA:493,0
DA:494,0
DA:497,0
DA:498,0
DA:502,0
DA:503,0
DA:508,1
LF:146
LH:34
BRDA:40,0,0,0
BRDA:40,0,1,0
BRDA:40,1,0,0
BRDA:40,1,1,0
BRDA:65,2,0,0
BRDA:65,2,1,0
BRDA:76,3,0,0
BRDA:76,3,1,0
BRDA:115,4,0,0
BRDA:115,4,1,0
BRDA:133,5,0,0
BRDA:133,5,1,0
BRDA:142,6,0,0
BRDA:142,6,1,0
BRDA:158,7,0,0
BRDA:158,7,1,0
BRDA:165,8,0,0
BRDA:165,8,1,0
BRDA:171,9,0,0
BRDA:171,9,1,0
BRDA:175,10,0,0
BRDA:175,10,1,0
BRDA:175,11,0,0
BRDA:175,11,1,0
BRDA:180,12,0,0
BRDA:180,12,1,0
BRDA:195,13,0,0
BRDA:195,13,1,0
BRDA:197,14,0,0
BRDA:197,14,1,0
BRDA:212,15,0,0
BRDA:212,15,1,0
BRDA:270,16,0,0
BRDA:270,16,1,0
BRDA:279,17,0,0
BRDA:279,17,1,0
BRDA:292,18,0,0
BRDA:292,18,1,0
BRDA:304,19,0,0
BRDA:304,19,1,0
BRDA:309,20,0,0
BRDA:309,20,1,0
BRDA:314,21,0,0
BRDA:314,21,1,0
BRDA:319,22,0,0
BRDA:319,22,1,0
BRDA:331,23,0,0
BRDA:331,23,1,106
BRDA:343,24,0,452
BRDA:343,24,1,81
BRDA:355,25,0,0
BRDA:355,25,1,266
BRDA:382,26,0,0
BRDA:382,26,1,266
BRDA:386,27,0,0
BRDA:386,27,1,266
BRDA:418,28,0,0
BRDA:418,28,1,266
BRDA:434,29,0,0
BRDA:434,29,1,0
BRDA:435,30,0,0
BRDA:435,30,1,0
BRDA:435,31,0,0
BRDA:435,31,1,0
BRDA:440,32,0,0
BRDA:440,32,1,0
BRDA:441,33,0,0
BRDA:441,33,1,0
BRDA:453,34,0,266
BRDA:453,34,1,0
BRDA:454,35,0,0
BRDA:454,35,1,0
BRDA:455,36,0,0
BRDA:455,36,1,0
BRDA:456,37,0,0
BRDA:456,37,1,0
BRDA:473,38,0,0
BRDA:473,38,1,0
BRDA:485,39,0,0
BRDA:485,39,1,0
BRDA:489,40,0,0
BRDA:489,40,1,0
BRDA:493,41,0,0
BRDA:493,41,1,0
BRDA:493,42,0,0
BRDA:493,42,1,0
BRDA:497,43,0,0
BRDA:497,43,1,0
BRDA:497,44,0,0
BRDA:497,44,1,0
BRDA:502,45,0,0
BRDA:502,45,1,0
BRDA:502,46,0,0
BRDA:502,46,1,0
BRF:94
BRH:8
end_of_record
TN:
SF:src/models/Room.js
FN:7,(anonymous_0)
FN:31,(anonymous_1)
FN:54,(anonymous_2)
FN:78,(anonymous_3)
FN:86,(anonymous_4)
FN:94,(anonymous_5)
FN:102,(anonymous_6)
FN:110,(anonymous_7)
FN:120,(anonymous_8)
FN:137,(anonymous_9)
FN:147,(anonymous_10)
FN:164,(anonymous_11)
FN:173,(anonymous_12)
FN:182,(anonymous_13)
FN:191,(anonymous_14)
FN:198,(anonymous_15)
FN:206,(anonymous_16)
FN:217,(anonymous_17)
FN:225,(anonymous_18)
FN:241,(anonymous_19)
FN:252,(anonymous_20)
FN:266,(anonymous_21)
FN:278,(anonymous_22)
FN:295,(anonymous_23)
FN:296,(anonymous_24)
FN:304,(anonymous_25)
FN:308,(anonymous_26)
FN:323,(anonymous_27)
FN:326,(anonymous_28)
FN:341,(anonymous_29)
FN:355,(anonymous_30)
FNF:31
FNH:21
FNDA:33,(anonymous_0)
FNDA:133,(anonymous_1)
FNDA:133,(anonymous_2)
FNDA:10,(anonymous_3)
FNDA:267,(anonymous_4)
FNDA:268,(anonymous_5)
FNDA:135,(anonymous_6)
FNDA:134,(anonymous_7)
FNDA:0,(anonymous_8)
FNDA:0,(anonymous_9)
FNDA:106,(anonymous_10)
FNDA:4,(anonymous_11)
FNDA:5,(anonymous_12)
FNDA:133,(anonymous_13)
FNDA:0,(anonymous_14)
FNDA:377,(anonymous_15)
FNDA:106,(anonymous_16)
FNDA:33,(anonymous_17)
FNDA:266,(anonymous_18)
FNDA:0,(anonymous_19)
FNDA:133,(anonymous_20)
FNDA:0,(anonymous_21)
FNDA:1,(anonymous_22)
FNDA:0,(anonymous_23)
FNDA:0,(anonymous_24)
FNDA:0,(anonymous_25)
FNDA:0,(anonymous_26)
FNDA:1,(anonymous_27)
FNDA:0,(anonymous_28)
FNDA:1,(anonymous_29)
FNDA:10,(anonymous_30)
DA:8,33
DA:9,33
DA:10,33
DA:11,33
DA:12,33
DA:13,33
DA:14,33
DA:17,33
DA:18,33
DA:19,33
DA:23,33
DA:32,133
DA:33,0
DA:36,133
DA:37,0
DA:40,133
DA:41,133
DA:42,133
DA:44,133
DA:45,53
DA:55,133
DA:56,133
DA:57,0
DA:60,133
DA:61,133
DA:62,133
DA:65,133
DA:66,53
DA:67,53
DA:70,133
DA:79,10
DA:87,267
DA:95,268
DA:103,135
DA:111,134
DA:121,0
DA:122,0
DA:126,0
DA:127,0
DA:128,0
DA:130,0
DA:138,0
DA:139,0
DA:149,106
DA:151,106
DA:152,106
DA:155,106
DA:156,0
DA:165,4
DA:174,5
DA:175,5
DA:183,133
DA:192,0
DA:199,377
DA:207,106
DA:208,106
DA:209,106
DA:218,33
DA:226,266
DA:227,0
DA:234,266
DA:242,0
DA:243,0
DA:244,0
DA:253,133
DA:267,0
DA:283,1
DA:284,0
DA:287,1
DA:288,1
DA:296,0
DA:305,0
DA:306,0
DA:308,0
DA:309,0
DA:310,0
DA:311,0
DA:315,0
DA:324,1
DA:326,1
DA:327,0
DA:328,0
DA:329,0
DA:333,1
DA:342,1
DA:343,0
DA:346,1
DA:347,0
DA:350,1
DA:351,0
DA:355,1
DA:356,10
DA:357,0
DA:363,1
LF:94
LH:60
BRDA:32,0,0,0
BRDA:32,0,1,133
BRDA:36,1,0,0
BRDA:36,1,1,133
BRDA:44,2,0,53
BRDA:44,2,1,80
BRDA:56,3,0,0
BRDA:56,3,1,133
BRDA:65,4,0,53
BRDA:65,4,1,80
BRDA:79,5,0,10
BRDA:79,5,1,0
BRDA:121,6,0,0
BRDA:121,6,1,0
BRDA:138,7,0,0
BRDA:138,7,1,0
BRDA:155,8,0,0
BRDA:155,8,1,106
BRDA:192,9,0,0
BRDA:192,9,1,0
BRDA:207,10,0,106
BRDA:207,10,1,0
BRDA:226,11,0,0
BRDA:226,11,1,266
BRDA:226,12,0,266
BRDA:226,12,1,266
BRDA:242,13,0,0
BRDA:242,13,1,0
BRDA:242,14,0,0
BRDA:242,14,1,0
BRDA:283,15,0,0
BRDA:283,15,1,1
BRDA:283,16,0,1
BRDA:283,16,1,1
BRDA:283,16,2,1
BRDA:304,17,0,0
BRDA:309,18,0,0
BRDA:309,18,1,0
BRDA:309,19,0,0
BRDA:309,19,1,0
BRDA:323,20,0,1
BRDA:327,21,0,0
BRDA:327,21,1,0
BRDA:342,22,0,0
BRDA:342,22,1,1
BRDA:346,23,0,0
BRDA:346,23,1,1
BRDA:350,24,0,0
BRDA:350,24,1,1
BRDA:356,25,0,0
BRDA:356,25,1,10
BRF:51
BRH:22
end_of_record
TN:
SF:src/models/User.js
FN:7,(anonymous_0)
FN:24,(anonymous_1)
FN:36,(anonymous_2)
FN:47,(anonymous_3)
FN:58,(anonymous_4)
FN:70,(anonymous_5)
FN:78,(anonymous_6)
FN:89,(anonymous_7)
FN:98,(anonymous_8)
FN:107,(anonymous_9)
FN:121,(anonymous_10)
FN:136,(anonymous_11)
FN:145,(anonymous_12)
FN:158,(anonymous_13)
FN:171,(anonymous_14)
FN:186,(anonymous_15)
FNF:16
FNH:8
FNDA:133,(anonymous_0)
FNDA:133,(anonymous_1)
FNDA:133,(anonymous_2)
FNDA:133,(anonymous_3)
FNDA:133,(anonymous_4)
FNDA:133,(anonymous_5)
FNDA:133,(anonymous_6)
FNDA:0,(anonymous_7)
FNDA:0,(anonymous_8)
FNDA:0,(anonymous_9)
FNDA:515,(anonymous_10)
FNDA:0,(anonymous_11)
FNDA:0,(anonymous_12)
FNDA:0,(anonymous_13)
FNDA:0,(anonymous_14)
FNDA:0,(anonymous_15)
DA:8,133
DA:9,133
DA:10,133
DA:11,133
DA:12,133
DA:13,133
DA:14,133
DA:15,133
DA:16,133
DA:25,133
DA:26,133
DA:27,0
DA:29,133
DA:37,133
DA:38,0
DA:40,133
DA:41,133
DA:48,133
DA:49,133
DA:50,133
DA:59,133
DA:60,0
DA:62,133
DA:71,133
DA:79,133
DA:80,133
DA:81,133
DA:90,0
DA:99,0
DA:100,0
DA:108,0
DA:122,515
DA:137,0
DA:146,0
DA:159,0
DA:172,0
DA:174,0
DA:175,0
DA:178,0
DA:187,0
DA:188,0
DA:191,0
DA:192,0
DA:195,0
DA:196,0
DA:201,1
LF:46
LH:26
BRDA:15,0,0,133
BRDA:15,0,1,133
BRDA:16,1,0,133
BRDA:16,1,1,133
BRDA:26,2,0,0
BRDA:26,2,1,133
BRDA:37,3,0,0
BRDA:37,3,1,133
BRDA:37,4,0,133
BRDA:37,4,1,133
BRDA:59,5,0,0
BRDA:59,5,1,133
BRDA:80,6,0,133
BRDA:80,6,1,0
BRDA:98,7,0,0
BRDA:174,8,0,0
BRDA:174,8,1,0
BRDA:187,9,0,0
BRDA:187,9,1,0
BRDA:191,10,0,0
BRDA:191,10,1,0
BRDA:195,11,0,0
BRDA:195,11,1,0
BRF:23
BRH:10
end_of_record
TN:
SF:src/services/ColorAssignmentService.js
FN:7,(anonymous_0)
FN:35,(anonymous_1)
FN:66,(anonymous_2)
FN:91,(anonymous_3)
FN:100,(anonymous_4)
FN:108,(anonymous_5)
FN:116,(anonymous_6)
FN:124,(anonymous_7)
FN:132,(anonymous_8)
FN:139,(anonymous_9)
FN:148,(anonymous_10)
FN:163,(anonymous_11)
FN:172,(anonymous_12)
FNF:13
FNH:13
FNDA:58,(anonymous_0)
FNDA:297,(anonymous_1)
FNDA:259,(anonymous_2)
FNDA:1,(anonymous_3)
FNDA:6,(anonymous_4)
FNDA:16,(anonymous_5)
FNDA:13,(anonymous_6)
FNDA:6,(anonymous_7)
FNDA:3,(anonymous_8)
FNDA:1,(anonymous_9)
FNDA:2,(anonymous_10)
FNDA:8,(anonymous_11)
FNDA:5,(anonymous_12)
DA:9,58
DA:23,58
DA:26,58
DA:37,297
DA:38,2
DA:42,295
DA:43,1
DA:47,294
DA:48,2
DA:52,292
DA:55,292
DA:56,292
DA:58,292
DA:68,259
DA:69,1
DA:73,258
DA:75,258
DA:76,1
DA:80,257
DA:81,257
DA:83,257
DA:92,1
DA:101,6
DA:109,16
DA:117,13
DA:125,6
DA:133,3
DA:140,1
DA:141,1
DA:149,2
DA:164,8
DA:173,5
DA:177,2
LF:33
LH:33
BRDA:37,0,0,2
BRDA:37,0,1,295
BRDA:37,1,0,297
BRDA:37,1,1,295
BRDA:42,2,0,1
BRDA:42,2,1,294
BRDA:47,3,0,2
BRDA:47,3,1,292
BRDA:68,4,0,1
BRDA:68,4,1,258
BRDA:68,5,0,259
BRDA:68,5,1,258
BRDA:75,6,0,1
BRDA:75,6,1,257
BRDA:92,7,0,1
BRDA:92,7,1,0
BRF:16
BRH:15
end_of_record
TN:
SF:src/services/DrawingSyncService.js
FN:9,(anonymous_0)
FN:23,(anonymous_1)
FN:69,(anonymous_2)
FN:102,(anonymous_3)
FN:140,(anonymous_4)
FN:149,(anonymous_5)
FN:158,(anonymous_6)
FN:173,(anonymous_7)
FN:185,(anonymous_8)
FN:193,(anonymous_9)
FN:200,(anonymous_10)
FN:208,(anonymous_11)
FN:212,(anonymous_12)
FNF:13
FNH:13
FNDA:75,(anonymous_0)
FNDA:153,(anonymous_1)
FNDA:1064,(anonymous_2)
FNDA:110,(anonymous_3)
FNDA:3,(anonymous_4)
FNDA:11,(anonymous_5)
FNDA:137,(anonymous_6)
FNDA:3,(anonymous_7)
FNDA:10,(anonymous_8)
FNDA:8,(anonymous_9)
FNDA:1,(anonymous_10)
FNDA:3,(anonymous_11)
FNDA:1,(anonymous_12)
DA:1,2
DA:11,75
DA:25,153
DA:26,4
DA:29,149
DA:30,2
DA:33,147
DA:34,1
DA:38,146
DA:39,3
DA:43,143
DA:44,1
DA:48,142
DA:57,142
DA:59,142
DA:71,1064
DA:72,2
DA:75,1062
DA:76,3
DA:80,1059
DA:82,1059
DA:83,1
DA:87,1058
DA:90,1058
DA:92,1058
DA:104,110
DA:105,1
DA:108,109
DA:109,2
DA:113,107
DA:115,107
DA:116,1
DA:120,106
DA:121,106
DA:124,106
DA:127,106
DA:130,106
DA:132,106
DA:141,3
DA:150,11
DA:159,137
DA:161,137
DA:162,4
DA:165,137
DA:174,3
DA:175,2
DA:178,1
DA:186,10
DA:194,8
DA:201,1
DA:209,3
DA:212,1
DA:222,2
LF:53
LH:53
BRDA:25,0,0,4
BRDA:25,0,1,149
BRDA:25,1,0,153
BRDA:25,1,1,151
BRDA:25,1,2,150
BRDA:29,2,0,2
BRDA:29,2,1,147
BRDA:29,3,0,149
BRDA:29,3,1,149
BRDA:29,3,2,148
BRDA:33,4,0,1
BRDA:33,4,1,146
BRDA:33,5,0,147
BRDA:33,5,1,146
BRDA:33,5,2,146
BRDA:38,6,0,3
BRDA:38,6,1,143
BRDA:38,7,0,146
BRDA:38,7,1,144
BRDA:43,8,0,1
BRDA:43,8,1,142
BRDA:71,9,0,2
BRDA:71,9,1,1062
BRDA:75,10,0,3
BRDA:75,10,1,1059
BRDA:75,11,0,1062
BRDA:75,11,1,1062
BRDA:75,11,2,1060
BRDA:82,12,0,1
BRDA:82,12,1,1058
BRDA:104,13,0,1
BRDA:104,13,1,109
BRDA:108,14,0,2
BRDA:108,14,1,107
BRDA:108,15,0,109
BRDA:108,15,1,109
BRDA:108,15,2,108
BRDA:115,16,0,1
BRDA:115,16,1,106
BRDA:141,17,0,3
BRDA:141,17,1,1
BRDA:161,18,0,4
BRDA:161,18,1,133
BRDA:165,19,0,137
BRDA:165,19,1,133
BRDA:174,20,0,2
BRDA:174,20,1,1
BRDA:174,21,0,3
BRDA:174,21,1,2
BRF:49
BRH:49
end_of_record
TN:
SF:src/services/RoomManager.js
FN:14,(anonymous_0)
FN:33,(anonymous_1)
FN:83,(anonymous_2)
FN:97,(anonymous_3)
FN:98,(anonymous_4)
FN:107,(anonymous_5)
FN:161,(anonymous_6)
FN:170,(anonymous_7)
FN:179,(anonymous_8)
FN:180,(anonymous_9)
FN:187,(anonymous_10)
FN:189,(anonymous_11)
FN:190,(anonymous_12)
FN:191,(anonymous_13)
FN:196,(anonymous_14)
FN:209,(anonymous_15)
FN:231,(anonymous_16)
FN:250,(anonymous_17)
FN:251,(anonymous_18)
FN:268,(anonymous_19)
FN:280,(anonymous_20)
FN:293,(anonymous_21)
FN:334,(anonymous_22)
FN:343,(anonymous_23)
FN:352,(anonymous_24)
FN:359,(anonymous_25)
FN:367,(anonymous_26)
FN:382,(anonymous_27)
FN:397,(anonymous_28)
FN:409,(anonymous_29)
FN:415,(anonymous_30)
FN:424,(anonymous_31)
FN:433,(anonymous_32)
FN:438,(anonymous_33)
FN:446,(anonymous_34)
FN:451,(anonymous_35)
FN:463,(anonymous_36)
FN:479,(anonymous_37)
FN:491,(anonymous_38)
FN:493,(anonymous_39)
FN:494,(anonymous_40)
FN:496,(anonymous_41)
FN:514,(anonymous_42)
FN:534,(anonymous_43)
FN:536,(anonymous_44)
FN:553,(anonymous_45)
FN:556,(anonymous_46)
FN:565,(anonymous_47)
FN:575,(anonymous_48)
FN:580,(anonymous_49)
FNF:50
FNH:27
FNDA:35,(anonymous_0)
FNDA:134,(anonymous_1)
FNDA:515,(anonymous_2)
FNDA:515,(anonymous_3)
FNDA:382,(anonymous_4)
FNDA:133,(anonymous_5)
FNDA:118,(anonymous_6)
FNDA:6,(anonymous_7)
FNDA:0,(anonymous_8)
FNDA:0,(anonymous_9)
FNDA:0,(anonymous_10)
FNDA:0,(anonymous_11)
FNDA:0,(anonymous_12)
FNDA:0,(anonymous_13)
FNDA:0,(anonymous_14)
FNDA:0,(anonymous_15)
FNDA:0,(anonymous_16)
FNDA:0,(anonymous_17)
FNDA:0,(anonymous_18)
FNDA:0,(anonymous_19)
FNDA:0,(anonymous_20)
FNDA:0,(anonymous_21)
FNDA:9,(anonymous_22)
FNDA:15,(anonymous_23)
FNDA:5,(anonymous_24)
FNDA:106,(anonymous_25)
FNDA:107,(anonymous_26)
FNDA:6,(anonymous_27)
FNDA:4,(anonymous_28)
FNDA:35,(anonymous_29)
FNDA:0,(anonymous_30)
FNDA:1,(anonymous_31)
FNDA:1,(anonymous_32)
FNDA:0,(anonymous_33)
FNDA:1,(anonymous_34)
FNDA:0,(anonymous_35)
FNDA:0,(anonymous_36)
FNDA:36,(anonymous_37)
FNDA:0,(anonymous_38)
FNDA:0,(anonymous_39)
FNDA:0,(anonymous_40)
FNDA:0,(anonymous_41)
FNDA:0,(anonymous_42)
FNDA:1,(anonymous_43)
FNDA:10,(anonymous_44)
FNDA:1,(anonymous_45)
FNDA:10,(anonymous_46)
FNDA:1,(anonymous_47)
FNDA:36,(anonymous_48)
FNDA:104,(anonymous_49)
DA:1,1
DA:2,1
DA:3,1
DA:4,1
DA:5,1
DA:15,35
DA:16,35
DA:17,35
DA:20,35
DA:21,35
DA:23,35
DA:35,134
DA:36,0
DA:40,134
DA:41,0
DA:42,0
DA:43,0
DA:46,0
DA:50,134
DA:51,134
DA:52,33
DA:54,33
DA:55,33
DA:58,33
DA:59,33
DA:63,134
DA:64,1
DA:68,133
DA:71,133
DA:72,133
DA:75,133
DA:76,133
DA:77,133
DA:80,133
DA:83,515
DA:88,133
DA:97,515
DA:98,382
DA:108,133
DA:109,133
DA:110,0
DA:113,133
DA:114,133
DA:115,0
DA:118,133
DA:119,133
DA:121,133
DA:122,0
DA:126,133
DA:127,133
DA:128,133
DA:132,133
DA:133,133
DA:134,133
DA:138,133
DA:140,133
DA:148,133
DA:149,53
DA:150,53
DA:153,133
DA:162,118
DA:171,6
DA:172,6
DA:180,0
DA:188,0
DA:189,0
DA:190,0
DA:191,0
DA:193,0
DA:196,0
DA:210,0
DA:211,0
DA:212,0
DA:215,0
DA:216,0
DA:217,0
DA:220,0
DA:221,0
DA:222,0
DA:232,0
DA:233,0
DA:234,0
DA:238,0
DA:239,0
DA:243,0
DA:246,0
DA:249,0
DA:250,0
DA:251,0
DA:253,0
DA:269,0
DA:270,0
DA:271,0
DA:274,0
DA:275,0
DA:277,0
DA:280,0
DA:294,0
DA:295,0
DA:296,0
DA:303,0
DA:304,0
DA:305,0
DA:313,0
DA:314,0
DA:317,0
DA:319,0
DA:335,9
DA:344,15
DA:353,5
DA:354,5
DA:355,1
DA:358,4
DA:359,106
DA:368,107
DA:369,107
DA:370,1
DA:373,106
DA:383,6
DA:384,6
DA:385,1
DA:388,5
DA:389,5
DA:398,4
DA:399,4
DA:400,1
DA:403,3
DA:410,35
DA:411,0
DA:415,35
DA:416,0
DA:425,1
DA:433,1
DA:434,1
DA:435,1
DA:438,1
DA:439,0
DA:440,0
DA:445,1
DA:446,1
DA:447,1
DA:448,0
DA:451,0
DA:452,0
DA:453,0
DA:456,0
DA:457,0
DA:463,1
DA:464,0
DA:467,0
DA:468,0
DA:470,0
DA:473,1
DA:480,36
DA:481,35
DA:482,35
DA:492,0
DA:493,0
DA:494,0
DA:496,0
DA:515,0
DA:516,0
DA:517,0
DA:518,0
DA:519,0
DA:521,0
DA:536,1
DA:537,10
DA:538,10
DA:539,0
DA:542,10
DA:543,10
DA:544,0
DA:547,10
DA:548,0
DA:553,1
DA:554,1
DA:556,1
DA:557,10
DA:558,10
DA:559,0
DA:565,1
DA:566,1
DA:567,0
DA:576,36
DA:579,36
DA:580,36
DA:581,104
DA:582,104
DA:585,0
DA:590,36
DA:591,36
DA:592,36
DA:593,36
DA:597,1
LF:195
LH:113
BRDA:33,0,0,0
BRDA:35,1,0,0
BRDA:35,1,1,134
BRDA:35,2,0,134
BRDA:35,2,1,134
BRDA:40,3,0,0
BRDA:40,3,1,134
BRDA:42,4,0,0
BRDA:42,4,1,0
BRDA:51,5,0,33
BRDA:51,5,1,101
BRDA:63,6,0,1
BRDA:63,6,1,133
BRDA:109,7,0,0
BRDA:109,7,1,133
BRDA:114,8,0,0
BRDA:114,8,1,133
BRDA:121,9,0,0
BRDA:121,9,1,133
BRDA:127,10,0,133
BRDA:127,10,1,0
BRDA:133,11,0,133
BRDA:133,11,1,0
BRDA:148,12,0,53
BRDA:148,12,1,80
BRDA:162,13,0,118
BRDA:162,13,1,3
BRDA:172,14,0,5
BRDA:172,14,1,1
BRDA:191,15,0,0
BRDA:191,15,1,0
BRDA:199,16,0,0
BRDA:199,16,1,0
BRDA:211,17,0,0
BRDA:211,17,1,0
BRDA:216,18,0,0
BRDA:216,18,1,0
BRDA:233,19,0,0
BRDA:233,19,1,0
BRDA:238,20,0,0
BRDA:238,20,1,0
BRDA:238,21,0,0
BRDA:238,21,1,0
BRDA:250,22,0,0
BRDA:250,22,1,0
BRDA:270,23,0,0
BRDA:270,23,1,0
BRDA:295,24,0,0
BRDA:295,24,1,0
BRDA:304,25,0,0
BRDA:304,25,1,0
BRDA:335,26,0,9
BRDA:335,26,1,3
BRDA:344,27,0,15
BRDA:344,27,1,3
BRDA:354,28,0,1
BRDA:354,28,1,4
BRDA:369,29,0,1
BRDA:369,29,1,106
BRDA:384,30,0,1
BRDA:384,30,1,5
BRDA:399,31,0,1
BRDA:399,31,1,3
BRDA:410,32,0,0
BRDA:410,32,1,35
BRDA:447,33,0,0
BRDA:447,33,1,1
BRDA:456,34,0,0
BRDA:456,34,1,0
BRDA:456,35,0,0
BRDA:456,35,1,0
BRDA:480,36,0,35
BRDA:480,36,1,1
BRDA:491,37,0,0
BRDA:493,38,0,0
BRDA:493,38,1,0
BRDA:500,39,0,0
BRDA:500,39,1,0
BRDA:501,40,0,0
BRDA:501,40,1,0
BRDA:514,41,0,0
BRDA:538,42,0,0
BRDA:538,42,1,10
BRDA:543,43,0,0
BRDA:543,43,1,10
BRDA:547,44,0,0
BRDA:547,44,1,10
BRDA:558,45,0,0
BRDA:558,45,1,10
BRDA:566,46,0,0
BRDA:566,46,1,1
BRF:91
BRH:40
end_of_record
